Removed Pin From Net: NetName=5V Pin=A0-1
Removed Pin From Net: NetName=bat-3.7V Pin=CC10-2
Removed Pin From Net: NetName=3.3V Pin=CC11-2
Removed Pin From Net: NetName=3.3V Pin=CC12-2
Removed Pin From Net: NetName=bat-3.7V Pin=CR4-2
Removed Pin From Net: NetName=PB12 Pin=CR8-1
Removed Pin From Net: NetName=NetCR8_2 Pin=CR8-2
Removed Pin From Net: NetName=NetCR15_1 Pin=CR15-1
Removed Pin From Net: NetName=NetCR15_2 Pin=CR15-2
Removed Pin From Net: NetName=NetCR15_2 Pin=CR16-1
Removed Pin From Net: NetName=5V Pin=CR20-2
Removed Pin From Net: NetName=ADC_light Pin=CR21-1
Removed Pin From Net: NetName=GND Pin=CR21-2
Removed Pin From Net: NetName=NetCR15_1 Pin=D0-1
Removed Pin From Net: NetName=NetCR15_1 Pin=D1-1
Removed Pin From Net: NetName=5V Pin=D1-2
Removed Pin From Net: NetName=NetCR8_2 Pin=LED1-2
Removed Pin From Net: NetName=bat-3.7V Pin=T0-5
Removed Pin From Net: NetName=NetCR8_2 Pin=T0-7
Removed Pin From Net: NetName=3.3V Pin=T1-1
Removed Pin From Net: NetName=ADC_light Pin=T1-2
Removed Pin From Net: NetName=3.3V Pin=U0-1
Removed Pin From Net: NetName=GND Pin=U3-2
Removed Pin From Net: NetName=NetCR15_2 Pin=U3-3
Removed Pin From Net: NetName=bat-3.7V Pin=U3-4
Removed Pin From Net: NetName=bat-3.7V Pin=U3-5
Removed Pin From Net: NetName=3.3V Pin=U6-5
Removed Pin From Net: NetName=bat-3.7V Pin=UH-1
Removed Member From Class: ClassName=Sheet-watch Member=CR8
Removed Member From Class: ClassName=Sheet-watch Member=D0
Removed Member From Class: ClassName=Sheet-watch Member=D1
Removed Member From Class: ClassName=Sheet-watch Member=T1
Removed Member From Class: ClassName=Sheet-watch Member=UH
Change Component Footprint: Designator=U3 Old Footprint=SOT23-5 New Footprint=SHT3X-DIS
Change Component Comment : Designator=U3 Old Comment=LM27313 New Comment=SHT30
Change component parameters: Designator = "CR15"; Footprint = "CR1608-0603"; UniqueID = "\EEVQXZWY"
Change component parameters. Clean all parameters for all variants
Change component parameters (AddParameter): Name = "Published"; Value = "8-Jun-2000"; VariantName = "[No Variations]"
Change component parameters (AddParameter): Name = "Publisher"; Value = "Altium Limited"; VariantName = "[No Variations]"
Change component parameters (AddParameter): Name = "Revision"; Value = "July-2002: Re-released for DXP Platform."; VariantName = "[No Variations]"
Change component parameters (AddParameter): Name = "Value"; Value = "200k"; VariantName = "[No Variations]"
Change component parameters: Designator = "CR16"; Footprint = "CR1608-0603"; UniqueID = "\HXXARZOJ"
Change component parameters. Clean all parameters for all variants
Change component parameters (AddParameter): Name = "Published"; Value = "8-Jun-2000"; VariantName = "[No Variations]"
Change component parameters (AddParameter): Name = "Publisher"; Value = "Altium Limited"; VariantName = "[No Variations]"
Change component parameters (AddParameter): Name = "Revision"; Value = "July-2002: Re-released for DXP Platform."; VariantName = "[No Variations]"
Change component parameters (AddParameter): Name = "Value"; Value = "300k"; VariantName = "[No Variations]"
Change component parameters: Designator = "CR21"; Footprint = "CR1608-0603"; UniqueID = "\QJRCXWNC"
Change component parameters. Clean all parameters for all variants
Change component parameters (AddParameter): Name = "Published"; Value = "8-Jun-2000"; VariantName = "[No Variations]"
Change component parameters (AddParameter): Name = "Publisher"; Value = "Altium Limited"; VariantName = "[No Variations]"
Change component parameters (AddParameter): Name = "Revision"; Value = "July-2002: Re-released for DXP Platform."; VariantName = "[No Variations]"
Change component parameters (AddParameter): Name = "Value"; Value = "10k"; VariantName = "[No Variations]"
Added Component: Designator=CC19(CC1608-0603)
Add component. Clean all parameters for all variants
Add component (AddParameter): Name = "Published"; Value = "8-Jun-2000"; VariantName = "[No Variations]"
Add component (AddParameter): Name = "Publisher"; Value = "Altium Limited"; VariantName = "[No Variations]"
Add component (AddParameter): Name = "Revision"; Value = "July-2002: Re-released for DXP Platform."; VariantName = "[No Variations]"
Add component (AddParameter): Name = "Value"; Value = "10uf"; VariantName = "[No Variations]"
Added Pin To Net: NetName=NetCR15_2 Pin=A0-1
Added Pin To Net: NetName=5V Pin=CC10-2
Added Pin To Net: NetName=bat-3.7V Pin=CC11-2
Added Pin To Net: NetName=bat-3.7V Pin=CC12-2
Added Pin To Net: NetName=3.3V Pin=CC19-1
Added Pin To Net: NetName=GND Pin=CC19-2
Added Pin To Net: NetName=5V Pin=CR4-2
Added Pin To Net: NetName=NetCR15_2 Pin=CR15-1
Added Pin To Net: NetName=PB12 Pin=CR15-2
Added Pin To Net: NetName=PB12 Pin=CR16-1
Added Pin To Net: NetName=NetCR15_2 Pin=CR20-2
Added Pin To Net: NetName=GND Pin=CR21-1
Added Pin To Net: NetName=NetCR8_2 Pin=CR21-2
Added Pin To Net: NetName=NetCR15_1 Pin=LED1-2
Added Pin To Net: NetName=5V Pin=P0-1
Added Pin To Net: NetName=3.3V Pin=SW0-3
Added Pin To Net: NetName=5V Pin=T0-5
Added Pin To Net: NetName=NetCR15_1 Pin=T0-7
Added Pin To Net: NetName=bat-3.7V Pin=U0-1
Added Pin To Net: NetName=3.3V Pin=U3-1
Added Pin To Net: NetName=NetCR8_2 Pin=U3-3
Added Pin To Net: NetName=GND Pin=U3-4
Added Pin To Net: NetName=GND Pin=U3-5
Added Pin To Net: NetName=3.3V Pin=U3-8
Added Pin To Net: NetName=GND Pin=U3-9
Added Pin To Net: NetName=bat-3.7V Pin=U6-5
Change Net Name : Old Net Name=5V New Net Name=bat-3.7V
Change Net Name : Old Net Name=bat-3.7V New Net Name=VBAT
Change Net Name : Old Net Name=NetCR8_2 New Net Name=NetCR21_2
Change Net Name : Old Net Name=NetCR15_1 New Net Name=NetLED1_2
Change Net Name : Old Net Name=NetCR15_2 New Net Name=5V
Added Member To Class: ClassName=Sheet-watch Member=Component CC19 Cap Chip 0603
Added Room: Name=Sheet-watch
