Removed Pin From Net: NetName=3.3V Pin=B0-1
Removed Pin From Net: NetName=V2.5 Pin=C15-2
Removed Pin From Net: NetName=V3.3 Pin=C17-2
Removed Pin From Net: NetName=3.3V Pin=C20-2
Removed Pin From Net: NetName=PA10 Pin=H0-1
Removed Pin From Net: NetName=PA9 Pin=H0-2
Removed Pin From Net: NetName=3.3V Pin=H0-3
Removed Pin From Net: NetName=GND Pin=H0-4
Removed Pin From Net: NetName=PA13 Pin=H0-5
Removed Pin From Net: NetName=PA14 Pin=H0-6
Removed Pin From Net: NetName=3.3V Pin=L0-4
Removed Pin From Net: NetName=PB4 Pin=P1-3
Removed Pin From Net: NetName=MPU_FSYC Pin=P2-2
Removed Pin From Net: NetName=PB2 Pin=P2-3
Removed Pin From Net: NetName=PB4 Pin=P2-5
Removed Pin From Net: NetName=key-2 Pin=P3-1
Removed Pin From Net: NetName=key-3 Pin=P4-7
Removed Pin From Net: NetName=key-1 Pin=P5-1
Removed Pin From Net: NetName=V2.5 Pin=P7-1
Removed Pin From Net: NetName=V2.5 Pin=P7-2
Removed Pin From Net: NetName=bat-3.7V Pin=P8-1
Removed Pin From Net: NetName=VDD Pin=R1-2
Removed Pin From Net: NetName=3.3V Pin=R6-1
Removed Pin From Net: NetName=3.3V Pin=R19-1
Removed Pin From Net: NetName=3.3V Pin=R20-1
Removed Pin From Net: NetName=VBAT Pin=SW0-2
Removed Pin From Net: NetName=3.3V Pin=SW0-3
Removed Pin From Net: NetName=VBAT Pin=U0-1
Removed Pin From Net: NetName=key-2 Pin=U0-10
Removed Pin From Net: NetName=MPU_FSYC Pin=U0-19
Removed Pin From Net: NetName=PB2 Pin=U0-20
Removed Pin From Net: NetName=key-3 Pin=U0-28
Removed Pin From Net: NetName=key-1 Pin=U0-29
Removed Pin From Net: NetName=PB4 Pin=U0-40
Removed Pin From Net: NetName=V2.5 Pin=U1-1
Removed Pin From Net: NetName=PB4 Pin=U1-6
Removed Pin From Net: NetName=POR Pin=U4-1
Removed Pin From Net: NetName=BAT Pin=U4-3
Removed Pin From Net: NetName=V2.5 Pin=U6-2
Removed Pin From Net: NetName=VBAT Pin=U7-1
Removed Pin From Net: NetName=3.3V Pin=U8-5
Removed Pin From Net: NetName=V3.3 Pin=U9-1
Change Component Description : Designator=U5 Old Description=NMOS场效应MOS管 SOT-23 New Description=NMOS场效应MOS管 SOT-23 
Change Component Description : Designator=U9 Old Description=触摸按键 两路 SOP23-6封装极简电路 New Description=触摸按键 两路 SOP23-6封装极简电路 
Change Component Description : Designator=U1 Old Description=超低功耗蓝牙 4.2 BLE 模块 New Description=超低功耗蓝牙 4.2 BLE 模块 
Added Component: Designator=POW-BEEOP(HDR1X3)
Add component. Clean all parameters for all variants
Add component (AddParameter): Name = "LatestRevisionDate"; Value = "17-Jul-2002"; VariantName = "[No Variations]"
Add component (AddParameter): Name = "LatestRevisionNote"; Value = "Re-released for DXP Platform."; VariantName = "[No Variations]"
Add component (AddParameter): Name = "Publisher"; Value = "Altium Limited"; VariantName = "[No Variations]"
Added Component: Designator=POW-BLUE(HDR1X3)
Add component. Clean all parameters for all variants
Add component (AddParameter): Name = "LatestRevisionDate"; Value = "17-Jul-2002"; VariantName = "[No Variations]"
Add component (AddParameter): Name = "LatestRevisionNote"; Value = "Re-released for DXP Platform."; VariantName = "[No Variations]"
Add component (AddParameter): Name = "Publisher"; Value = "Altium Limited"; VariantName = "[No Variations]"
Added Component: Designator=POW-CPU(HDR1X3)
Add component. Clean all parameters for all variants
Add component (AddParameter): Name = "LatestRevisionDate"; Value = "17-Jul-2002"; VariantName = "[No Variations]"
Add component (AddParameter): Name = "LatestRevisionNote"; Value = "Re-released for DXP Platform."; VariantName = "[No Variations]"
Add component (AddParameter): Name = "Publisher"; Value = "Altium Limited"; VariantName = "[No Variations]"
Added Component: Designator=POW-LED(HDR1X3)
Add component. Clean all parameters for all variants
Add component (AddParameter): Name = "LatestRevisionDate"; Value = "17-Jul-2002"; VariantName = "[No Variations]"
Add component (AddParameter): Name = "LatestRevisionNote"; Value = "Re-released for DXP Platform."; VariantName = "[No Variations]"
Add component (AddParameter): Name = "Publisher"; Value = "Altium Limited"; VariantName = "[No Variations]"
Added Component: Designator=POW-MPU(HDR1X3)
Add component. Clean all parameters for all variants
Add component (AddParameter): Name = "LatestRevisionDate"; Value = "17-Jul-2002"; VariantName = "[No Variations]"
Add component (AddParameter): Name = "LatestRevisionNote"; Value = "Re-released for DXP Platform."; VariantName = "[No Variations]"
Add component (AddParameter): Name = "Publisher"; Value = "Altium Limited"; VariantName = "[No Variations]"
Added Component: Designator=POW-SHT30(HDR1X3)
Add component. Clean all parameters for all variants
Add component (AddParameter): Name = "LatestRevisionDate"; Value = "17-Jul-2002"; VariantName = "[No Variations]"
Add component (AddParameter): Name = "LatestRevisionNote"; Value = "Re-released for DXP Platform."; VariantName = "[No Variations]"
Add component (AddParameter): Name = "Publisher"; Value = "Altium Limited"; VariantName = "[No Variations]"
Added Component: Designator=POW-TOUCH(HDR1X3)
Add component. Clean all parameters for all variants
Add component (AddParameter): Name = "LatestRevisionDate"; Value = "17-Jul-2002"; VariantName = "[No Variations]"
Add component (AddParameter): Name = "LatestRevisionNote"; Value = "Re-released for DXP Platform."; VariantName = "[No Variations]"
Add component (AddParameter): Name = "Publisher"; Value = "Altium Limited"; VariantName = "[No Variations]"
Added Pin To Net: NetName=VBAT Pin=B0-1
Added Pin To Net: NetName=VDD Pin=C15-2
Added Pin To Net: NetName=BAT Pin=C17-2
Added Pin To Net: NetName=key-3 Pin=C20-2
Added Pin To Net: NetName=PA14 Pin=H0-1
Added Pin To Net: NetName=PA13 Pin=H0-2
Added Pin To Net: NetName=GND Pin=H0-3
Added Pin To Net: NetName=3.3V Pin=H0-4
Added Pin To Net: NetName=PA9 Pin=H0-5
Added Pin To Net: NetName=PA10 Pin=H0-6
Added Pin To Net: NetName=PB4 Pin=L0-4
Added Pin To Net: NetName=EN-3.3 Pin=P2-3
Added Pin To Net: NetName=MPU_FSYC Pin=P2-5
Added Pin To Net: NetName=key-1 Pin=P3-1
Added Pin To Net: NetName=VDD Pin=P4-8
Added Pin To Net: NetName=key-2 Pin=P5-1
Added Pin To Net: NetName=PB2 Pin=P7-1
Added Pin To Net: NetName=PB2 Pin=P7-2
Added Pin To Net: NetName=V2.5 Pin=POW-BEEOP-1
Added Pin To Net: NetName=VBAT Pin=POW-BEEOP-2
Added Pin To Net: NetName=VDD Pin=POW-BEEOP-3
Added Pin To Net: NetName=V2.5 Pin=POW-BLUE-1
Added Pin To Net: NetName=POR Pin=POW-BLUE-2
Added Pin To Net: NetName=VDD Pin=POW-BLUE-3
Added Pin To Net: NetName=V2.5 Pin=POW-CPU-1
Added Pin To Net: NetName=3.3V Pin=POW-CPU-2
Added Pin To Net: NetName=VDD Pin=POW-CPU-3
Added Pin To Net: NetName=V2.5 Pin=POW-LED-1
Added Pin To Net: NetName=PB4 Pin=POW-LED-2
Added Pin To Net: NetName=VDD Pin=POW-LED-3
Added Pin To Net: NetName=V2.5 Pin=POW-MPU-1
Added Pin To Net: NetName=PB2 Pin=POW-MPU-2
Added Pin To Net: NetName=VDD Pin=POW-MPU-3
Added Pin To Net: NetName=V2.5 Pin=POW-SHT30-1
Added Pin To Net: NetName=VDD Pin=POW-SHT30-3
Added Pin To Net: NetName=V3.3 Pin=POW-TOUCH-1
Added Pin To Net: NetName=BAT Pin=POW-TOUCH-2
Added Pin To Net: NetName=VDD Pin=POW-TOUCH-3
Added Pin To Net: NetName=3.3V Pin=R1-2
Added Pin To Net: NetName=PB4 Pin=R6-1
Added Pin To Net: NetName=key-3 Pin=R19-1
Added Pin To Net: NetName=key-3 Pin=R20-1
Added Pin To Net: NetName=bat-3.7V Pin=SW0-2
Added Pin To Net: NetName=VDD Pin=U0-1
Added Pin To Net: NetName=key-1 Pin=U0-10
Added Pin To Net: NetName=EN-3.3 Pin=U0-20
Added Pin To Net: NetName=key-2 Pin=U0-29
Added Pin To Net: NetName=MPU_FSYC Pin=U0-40
Added Pin To Net: NetName=POR Pin=U1-1
Added Pin To Net: NetName=bat-3.7V Pin=U4-3
Added Pin To Net: NetName=VDD Pin=U6-2
Added Pin To Net: NetName=bat-3.7V Pin=U7-1
Added Pin To Net: NetName=key-3 Pin=U8-5
Added Pin To Net: NetName=BAT Pin=U9-1
Change Net Name : Old Net Name=3.3V New Net Name=VDD-MCU
Change Net Name : Old Net Name=bat-3.7V New Net Name=BAT3.7V
Change Net Name : Old Net Name=BAT New Net Name=VDD-TOUCH
Change Net Name : Old Net Name=key-3 New Net Name=VDD-SHT30
Change Net Name : Old Net Name=PB2 New Net Name=VDD-MPU
Change Net Name : Old Net Name=PB4 New Net Name=VDD-LED
Change Net Name : Old Net Name=POR New Net Name=VDD-BLUE
Change Net Name : Old Net Name=V2.5 New Net Name=3.3V
Change Net Name : Old Net Name=VBAT New Net Name=VDD-BEEP
Change Net Name : Old Net Name=VDD New Net Name=V2.5
Added Pin To Net: NetName=NetP8_1 Pin=P8-1
Added Pin To Net: NetName=NetP8_1 Pin=SW0-3
Added Net: Name=NetP8_1
Added Pin To Net: NetName=PB1 Pin=P2-2
Added Pin To Net: NetName=PB1 Pin=U0-19
Added Pin To Net: NetName=PB1 Pin=U4-1
Added Net: Name=PB1
Added Pin To Net: NetName=PB15 Pin=P1-3
Added Pin To Net: NetName=PB15 Pin=P4-7
Added Pin To Net: NetName=PB15 Pin=U0-28
Added Pin To Net: NetName=PB15 Pin=U1-6
Added Net: Name=PB15
Added Pin To Net: NetName=POWER-SHT30 Pin=POW-SHT30-2
Added Net: Name=POWER-SHT30
Added Member To Class: ClassName=Sheet-watch Member=Component POW-BEEOP Header 3
Added Member To Class: ClassName=Sheet-watch Member=Component POW-BLUE Header 3
Added Member To Class: ClassName=Sheet-watch Member=Component POW-CPU Header 3
Added Member To Class: ClassName=Sheet-watch Member=Component POW-LED Header 3
Added Member To Class: ClassName=Sheet-watch Member=Component POW-MPU Header 3
Added Member To Class: ClassName=Sheet-watch Member=Component POW-SHT30 Header 3
Added Member To Class: ClassName=Sheet-watch Member=Component POW-TOUCH Header 3
Added Room: Name=Sheet-watch
