Added Component: Designator=A0(Micro usb AB)
Add component. Clean all parameters for all variants
Added Component: Designator=B0(5020·äÃùÆ÷)
Add component. Clean all parameters for all variants
Added Component: Designator=C1(CC1608-0603)
Add component. Clean all parameters for all variants
Add component (AddParameter): Name = "Published"; Value = "8-Jun-2000"; VariantName = "[No Variations]"
Add component (AddParameter): Name = "Publisher"; Value = "Altium Limited"; VariantName = "[No Variations]"
Add component (AddParameter): Name = "Revision"; Value = "July-2002: Re-released for DXP Platform."; VariantName = "[No Variations]"
Added Component: Designator=C2(CC1608-0603)
Add component. Clean all parameters for all variants
Add component (AddParameter): Name = "Published"; Value = "8-Jun-2000"; VariantName = "[No Variations]"
Add component (AddParameter): Name = "Publisher"; Value = "Altium Limited"; VariantName = "[No Variations]"
Add component (AddParameter): Name = "Revision"; Value = "July-2002: Re-released for DXP Platform."; VariantName = "[No Variations]"
Added Component: Designator=C3(CC1608-0603)
Add component. Clean all parameters for all variants
Add component (AddParameter): Name = "Published"; Value = "8-Jun-2000"; VariantName = "[No Variations]"
Add component (AddParameter): Name = "Publisher"; Value = "Altium Limited"; VariantName = "[No Variations]"
Add component (AddParameter): Name = "Revision"; Value = "July-2002: Re-released for DXP Platform."; VariantName = "[No Variations]"
Added Component: Designator=C4(CC1608-0603)
Add component. Clean all parameters for all variants
Add component (AddParameter): Name = "Published"; Value = "8-Jun-2000"; VariantName = "[No Variations]"
Add component (AddParameter): Name = "Publisher"; Value = "Altium Limited"; VariantName = "[No Variations]"
Add component (AddParameter): Name = "Revision"; Value = "July-2002: Re-released for DXP Platform."; VariantName = "[No Variations]"
Added Component: Designator=C5(CC1608-0603)
Add component. Clean all parameters for all variants
Add component (AddParameter): Name = "Published"; Value = "8-Jun-2000"; VariantName = "[No Variations]"
Add component (AddParameter): Name = "Publisher"; Value = "Altium Limited"; VariantName = "[No Variations]"
Add component (AddParameter): Name = "Revision"; Value = "July-2002: Re-released for DXP Platform."; VariantName = "[No Variations]"
Added Component: Designator=C6(CC1608-0603)
Add component. Clean all parameters for all variants
Add component (AddParameter): Name = "Published"; Value = "8-Jun-2000"; VariantName = "[No Variations]"
Add component (AddParameter): Name = "Publisher"; Value = "Altium Limited"; VariantName = "[No Variations]"
Add component (AddParameter): Name = "Revision"; Value = "July-2002: Re-released for DXP Platform."; VariantName = "[No Variations]"
Added Component: Designator=C7(CC1608-0603)
Add component. Clean all parameters for all variants
Add component (AddParameter): Name = "Published"; Value = "8-Jun-2000"; VariantName = "[No Variations]"
Add component (AddParameter): Name = "Publisher"; Value = "Altium Limited"; VariantName = "[No Variations]"
Add component (AddParameter): Name = "Revision"; Value = "July-2002: Re-released for DXP Platform."; VariantName = "[No Variations]"
Added Component: Designator=C8(CC1608-0603)
Add component. Clean all parameters for all variants
Add component (AddParameter): Name = "Published"; Value = "8-Jun-2000"; VariantName = "[No Variations]"
Add component (AddParameter): Name = "Publisher"; Value = "Altium Limited"; VariantName = "[No Variations]"
Add component (AddParameter): Name = "Revision"; Value = "July-2002: Re-released for DXP Platform."; VariantName = "[No Variations]"
Added Component: Designator=C9(CC1608-0603)
Add component. Clean all parameters for all variants
Add component (AddParameter): Name = "Published"; Value = "8-Jun-2000"; VariantName = "[No Variations]"
Add component (AddParameter): Name = "Publisher"; Value = "Altium Limited"; VariantName = "[No Variations]"
Add component (AddParameter): Name = "Revision"; Value = "July-2002: Re-released for DXP Platform."; VariantName = "[No Variations]"
Added Component: Designator=C10(CC1608-0603)
Add component. Clean all parameters for all variants
Add component (AddParameter): Name = "Published"; Value = "8-Jun-2000"; VariantName = "[No Variations]"
Add component (AddParameter): Name = "Publisher"; Value = "Altium Limited"; VariantName = "[No Variations]"
Add component (AddParameter): Name = "Revision"; Value = "July-2002: Re-released for DXP Platform."; VariantName = "[No Variations]"
Added Component: Designator=C11(CC1608-0603)
Add component. Clean all parameters for all variants
Add component (AddParameter): Name = "Published"; Value = "8-Jun-2000"; VariantName = "[No Variations]"
Add component (AddParameter): Name = "Publisher"; Value = "Altium Limited"; VariantName = "[No Variations]"
Add component (AddParameter): Name = "Revision"; Value = "July-2002: Re-released for DXP Platform."; VariantName = "[No Variations]"
Added Component: Designator=C12(CC1608-0603)
Add component. Clean all parameters for all variants
Add component (AddParameter): Name = "Published"; Value = "8-Jun-2000"; VariantName = "[No Variations]"
Add component (AddParameter): Name = "Publisher"; Value = "Altium Limited"; VariantName = "[No Variations]"
Add component (AddParameter): Name = "Revision"; Value = "July-2002: Re-released for DXP Platform."; VariantName = "[No Variations]"
Added Component: Designator=C13(CC1608-0603)
Add component. Clean all parameters for all variants
Add component (AddParameter): Name = "Published"; Value = "8-Jun-2000"; VariantName = "[No Variations]"
Add component (AddParameter): Name = "Publisher"; Value = "Altium Limited"; VariantName = "[No Variations]"
Add component (AddParameter): Name = "Revision"; Value = "July-2002: Re-released for DXP Platform."; VariantName = "[No Variations]"
Added Component: Designator=C14(CC1608-0603)
Add component. Clean all parameters for all variants
Add component (AddParameter): Name = "Published"; Value = "8-Jun-2000"; VariantName = "[No Variations]"
Add component (AddParameter): Name = "Publisher"; Value = "Altium Limited"; VariantName = "[No Variations]"
Add component (AddParameter): Name = "Revision"; Value = "July-2002: Re-released for DXP Platform."; VariantName = "[No Variations]"
Added Component: Designator=C15(CC1608-0603)
Add component. Clean all parameters for all variants
Add component (AddParameter): Name = "Published"; Value = "8-Jun-2000"; VariantName = "[No Variations]"
Add component (AddParameter): Name = "Publisher"; Value = "Altium Limited"; VariantName = "[No Variations]"
Add component (AddParameter): Name = "Revision"; Value = "July-2002: Re-released for DXP Platform."; VariantName = "[No Variations]"
Added Component: Designator=C16(CC1608-0603)
Add component. Clean all parameters for all variants
Add component (AddParameter): Name = "Published"; Value = "8-Jun-2000"; VariantName = "[No Variations]"
Add component (AddParameter): Name = "Publisher"; Value = "Altium Limited"; VariantName = "[No Variations]"
Add component (AddParameter): Name = "Revision"; Value = "July-2002: Re-released for DXP Platform."; VariantName = "[No Variations]"
Added Component: Designator=C17(CC1608-0603)
Add component. Clean all parameters for all variants
Add component (AddParameter): Name = "Published"; Value = "8-Jun-2000"; VariantName = "[No Variations]"
Add component (AddParameter): Name = "Publisher"; Value = "Altium Limited"; VariantName = "[No Variations]"
Add component (AddParameter): Name = "Revision"; Value = "July-2002: Re-released for DXP Platform."; VariantName = "[No Variations]"
Added Component: Designator=C18(CC1608-0603)
Add component. Clean all parameters for all variants
Add component (AddParameter): Name = "Published"; Value = "8-Jun-2000"; VariantName = "[No Variations]"
Add component (AddParameter): Name = "Publisher"; Value = "Altium Limited"; VariantName = "[No Variations]"
Add component (AddParameter): Name = "Revision"; Value = "July-2002: Re-released for DXP Platform."; VariantName = "[No Variations]"
Added Component: Designator=C19(CC1608-0603)
Add component. Clean all parameters for all variants
Add component (AddParameter): Name = "Published"; Value = "8-Jun-2000"; VariantName = "[No Variations]"
Add component (AddParameter): Name = "Publisher"; Value = "Altium Limited"; VariantName = "[No Variations]"
Add component (AddParameter): Name = "Revision"; Value = "July-2002: Re-released for DXP Platform."; VariantName = "[No Variations]"
Added Component: Designator=C20(CC1608-0603)
Add component. Clean all parameters for all variants
Add component (AddParameter): Name = "Published"; Value = "8-Jun-2000"; VariantName = "[No Variations]"
Add component (AddParameter): Name = "Publisher"; Value = "Altium Limited"; VariantName = "[No Variations]"
Add component (AddParameter): Name = "Revision"; Value = "July-2002: Re-released for DXP Platform."; VariantName = "[No Variations]"
Added Component: Designator=H0(Header_2_54_6PW)
Add component. Clean all parameters for all variants
Added Component: Designator=J1(Type_C-UJ31-CH-G2-SMT-TR(Primary))
Add component. Clean all parameters for all variants
Added Component: Designator=K0(KEY 3*4)
Add component. Clean all parameters for all variants
Added Component: Designator=L0(LCD-1.3-(2))
Add component. Clean all parameters for all variants
Added Component: Designator=LED 0(LED 0603)
Add component. Clean all parameters for all variants
Added Component: Designator=P1(HDR1X8)
Add component. Clean all parameters for all variants
Add component (AddParameter): Name = "LatestRevisionDate"; Value = "17-Jul-2002"; VariantName = "[No Variations]"
Add component (AddParameter): Name = "LatestRevisionNote"; Value = "Re-released for DXP Platform."; VariantName = "[No Variations]"
Add component (AddParameter): Name = "Publisher"; Value = "Altium Limited"; VariantName = "[No Variations]"
Added Component: Designator=P2(HDR1X8)
Add component. Clean all parameters for all variants
Add component (AddParameter): Name = "LatestRevisionDate"; Value = "17-Jul-2002"; VariantName = "[No Variations]"
Add component (AddParameter): Name = "LatestRevisionNote"; Value = "Re-released for DXP Platform."; VariantName = "[No Variations]"
Add component (AddParameter): Name = "Publisher"; Value = "Altium Limited"; VariantName = "[No Variations]"
Added Component: Designator=P3(HDR1X8)
Add component. Clean all parameters for all variants
Add component (AddParameter): Name = "LatestRevisionDate"; Value = "17-Jul-2002"; VariantName = "[No Variations]"
Add component (AddParameter): Name = "LatestRevisionNote"; Value = "Re-released for DXP Platform."; VariantName = "[No Variations]"
Add component (AddParameter): Name = "Publisher"; Value = "Altium Limited"; VariantName = "[No Variations]"
Added Component: Designator=P4(HDR1X8)
Add component. Clean all parameters for all variants
Add component (AddParameter): Name = "LatestRevisionDate"; Value = "17-Jul-2002"; VariantName = "[No Variations]"
Add component (AddParameter): Name = "LatestRevisionNote"; Value = "Re-released for DXP Platform."; VariantName = "[No Variations]"
Add component (AddParameter): Name = "Publisher"; Value = "Altium Limited"; VariantName = "[No Variations]"
Added Component: Designator=P5(HDR1X8)
Add component. Clean all parameters for all variants
Add component (AddParameter): Name = "LatestRevisionDate"; Value = "17-Jul-2002"; VariantName = "[No Variations]"
Add component (AddParameter): Name = "LatestRevisionNote"; Value = "Re-released for DXP Platform."; VariantName = "[No Variations]"
Add component (AddParameter): Name = "Publisher"; Value = "Altium Limited"; VariantName = "[No Variations]"
Added Component: Designator=P6(HDR1X8)
Add component. Clean all parameters for all variants
Add component (AddParameter): Name = "LatestRevisionDate"; Value = "17-Jul-2002"; VariantName = "[No Variations]"
Add component (AddParameter): Name = "LatestRevisionNote"; Value = "Re-released for DXP Platform."; VariantName = "[No Variations]"
Add component (AddParameter): Name = "Publisher"; Value = "Altium Limited"; VariantName = "[No Variations]"
Added Component: Designator=P7(HDR1X8)
Add component. Clean all parameters for all variants
Add component (AddParameter): Name = "LatestRevisionDate"; Value = "17-Jul-2002"; VariantName = "[No Variations]"
Add component (AddParameter): Name = "LatestRevisionNote"; Value = "Re-released for DXP Platform."; VariantName = "[No Variations]"
Add component (AddParameter): Name = "Publisher"; Value = "Altium Limited"; VariantName = "[No Variations]"
Added Component: Designator=P8(POWER-3.7V)
Add component. Clean all parameters for all variants
Added Component: Designator=R1(CR1608-0603)
Add component. Clean all parameters for all variants
Add component (AddParameter): Name = "Published"; Value = "8-Jun-2000"; VariantName = "[No Variations]"
Add component (AddParameter): Name = "Publisher"; Value = "Altium Limited"; VariantName = "[No Variations]"
Add component (AddParameter): Name = "Revision"; Value = "July-2002: Re-released for DXP Platform."; VariantName = "[No Variations]"
Added Component: Designator=R2(CR1608-0603)
Add component. Clean all parameters for all variants
Add component (AddParameter): Name = "Published"; Value = "8-Jun-2000"; VariantName = "[No Variations]"
Add component (AddParameter): Name = "Publisher"; Value = "Altium Limited"; VariantName = "[No Variations]"
Add component (AddParameter): Name = "Revision"; Value = "July-2002: Re-released for DXP Platform."; VariantName = "[No Variations]"
Added Component: Designator=R3(CR1608-0603)
Add component. Clean all parameters for all variants
Add component (AddParameter): Name = "Published"; Value = "8-Jun-2000"; VariantName = "[No Variations]"
Add component (AddParameter): Name = "Publisher"; Value = "Altium Limited"; VariantName = "[No Variations]"
Add component (AddParameter): Name = "Revision"; Value = "July-2002: Re-released for DXP Platform."; VariantName = "[No Variations]"
Added Component: Designator=R4(CR1608-0603)
Add component. Clean all parameters for all variants
Add component (AddParameter): Name = "Published"; Value = "8-Jun-2000"; VariantName = "[No Variations]"
Add component (AddParameter): Name = "Publisher"; Value = "Altium Limited"; VariantName = "[No Variations]"
Add component (AddParameter): Name = "Revision"; Value = "July-2002: Re-released for DXP Platform."; VariantName = "[No Variations]"
Added Component: Designator=R5(CR1608-0603)
Add component. Clean all parameters for all variants
Add component (AddParameter): Name = "Published"; Value = "8-Jun-2000"; VariantName = "[No Variations]"
Add component (AddParameter): Name = "Publisher"; Value = "Altium Limited"; VariantName = "[No Variations]"
Add component (AddParameter): Name = "Revision"; Value = "July-2002: Re-released for DXP Platform."; VariantName = "[No Variations]"
Added Component: Designator=R6(CR1608-0603)
Add component. Clean all parameters for all variants
Add component (AddParameter): Name = "Published"; Value = "8-Jun-2000"; VariantName = "[No Variations]"
Add component (AddParameter): Name = "Publisher"; Value = "Altium Limited"; VariantName = "[No Variations]"
Add component (AddParameter): Name = "Revision"; Value = "July-2002: Re-released for DXP Platform."; VariantName = "[No Variations]"
Added Component: Designator=R7(CR1608-0603)
Add component. Clean all parameters for all variants
Add component (AddParameter): Name = "Published"; Value = "8-Jun-2000"; VariantName = "[No Variations]"
Add component (AddParameter): Name = "Publisher"; Value = "Altium Limited"; VariantName = "[No Variations]"
Add component (AddParameter): Name = "Revision"; Value = "July-2002: Re-released for DXP Platform."; VariantName = "[No Variations]"
Added Component: Designator=R8(CR1608-0603)
Add component. Clean all parameters for all variants
Add component (AddParameter): Name = "Published"; Value = "8-Jun-2000"; VariantName = "[No Variations]"
Add component (AddParameter): Name = "Publisher"; Value = "Altium Limited"; VariantName = "[No Variations]"
Add component (AddParameter): Name = "Revision"; Value = "July-2002: Re-released for DXP Platform."; VariantName = "[No Variations]"
Added Component: Designator=R9(CR1608-0603)
Add component. Clean all parameters for all variants
Add component (AddParameter): Name = "Published"; Value = "8-Jun-2000"; VariantName = "[No Variations]"
Add component (AddParameter): Name = "Publisher"; Value = "Altium Limited"; VariantName = "[No Variations]"
Add component (AddParameter): Name = "Revision"; Value = "July-2002: Re-released for DXP Platform."; VariantName = "[No Variations]"
Added Component: Designator=R10(CR1608-0603)
Add component. Clean all parameters for all variants
Add component (AddParameter): Name = "Published"; Value = "8-Jun-2000"; VariantName = "[No Variations]"
Add component (AddParameter): Name = "Publisher"; Value = "Altium Limited"; VariantName = "[No Variations]"
Add component (AddParameter): Name = "Revision"; Value = "July-2002: Re-released for DXP Platform."; VariantName = "[No Variations]"
Added Component: Designator=R11(CR1608-0603)
Add component. Clean all parameters for all variants
Add component (AddParameter): Name = "Published"; Value = "8-Jun-2000"; VariantName = "[No Variations]"
Add component (AddParameter): Name = "Publisher"; Value = "Altium Limited"; VariantName = "[No Variations]"
Add component (AddParameter): Name = "Revision"; Value = "July-2002: Re-released for DXP Platform."; VariantName = "[No Variations]"
Added Component: Designator=R12(CR1608-0603)
Add component. Clean all parameters for all variants
Add component (AddParameter): Name = "Published"; Value = "8-Jun-2000"; VariantName = "[No Variations]"
Add component (AddParameter): Name = "Publisher"; Value = "Altium Limited"; VariantName = "[No Variations]"
Add component (AddParameter): Name = "Revision"; Value = "July-2002: Re-released for DXP Platform."; VariantName = "[No Variations]"
Added Component: Designator=R13(CR1608-0603)
Add component. Clean all parameters for all variants
Add component (AddParameter): Name = "Published"; Value = "8-Jun-2000"; VariantName = "[No Variations]"
Add component (AddParameter): Name = "Publisher"; Value = "Altium Limited"; VariantName = "[No Variations]"
Add component (AddParameter): Name = "Revision"; Value = "July-2002: Re-released for DXP Platform."; VariantName = "[No Variations]"
Added Component: Designator=R14(CR1608-0603)
Add component. Clean all parameters for all variants
Add component (AddParameter): Name = "Published"; Value = "8-Jun-2000"; VariantName = "[No Variations]"
Add component (AddParameter): Name = "Publisher"; Value = "Altium Limited"; VariantName = "[No Variations]"
Add component (AddParameter): Name = "Revision"; Value = "July-2002: Re-released for DXP Platform."; VariantName = "[No Variations]"
Added Component: Designator=R15(CR1608-0603)
Add component. Clean all parameters for all variants
Add component (AddParameter): Name = "Published"; Value = "8-Jun-2000"; VariantName = "[No Variations]"
Add component (AddParameter): Name = "Publisher"; Value = "Altium Limited"; VariantName = "[No Variations]"
Add component (AddParameter): Name = "Revision"; Value = "July-2002: Re-released for DXP Platform."; VariantName = "[No Variations]"
Added Component: Designator=R16(CR1608-0603)
Add component. Clean all parameters for all variants
Add component (AddParameter): Name = "Published"; Value = "8-Jun-2000"; VariantName = "[No Variations]"
Add component (AddParameter): Name = "Publisher"; Value = "Altium Limited"; VariantName = "[No Variations]"
Add component (AddParameter): Name = "Revision"; Value = "July-2002: Re-released for DXP Platform."; VariantName = "[No Variations]"
Added Component: Designator=R17(CR1608-0603)
Add component. Clean all parameters for all variants
Add component (AddParameter): Name = "Published"; Value = "8-Jun-2000"; VariantName = "[No Variations]"
Add component (AddParameter): Name = "Publisher"; Value = "Altium Limited"; VariantName = "[No Variations]"
Add component (AddParameter): Name = "Revision"; Value = "July-2002: Re-released for DXP Platform."; VariantName = "[No Variations]"
Added Component: Designator=R18(CR1608-0603)
Add component. Clean all parameters for all variants
Add component (AddParameter): Name = "Published"; Value = "8-Jun-2000"; VariantName = "[No Variations]"
Add component (AddParameter): Name = "Publisher"; Value = "Altium Limited"; VariantName = "[No Variations]"
Add component (AddParameter): Name = "Revision"; Value = "July-2002: Re-released for DXP Platform."; VariantName = "[No Variations]"
Added Component: Designator=R19(CR1608-0603)
Add component. Clean all parameters for all variants
Add component (AddParameter): Name = "Published"; Value = "8-Jun-2000"; VariantName = "[No Variations]"
Add component (AddParameter): Name = "Publisher"; Value = "Altium Limited"; VariantName = "[No Variations]"
Add component (AddParameter): Name = "Revision"; Value = "July-2002: Re-released for DXP Platform."; VariantName = "[No Variations]"
Added Component: Designator=R20(CR1608-0603)
Add component. Clean all parameters for all variants
Add component (AddParameter): Name = "Published"; Value = "8-Jun-2000"; VariantName = "[No Variations]"
Add component (AddParameter): Name = "Publisher"; Value = "Altium Limited"; VariantName = "[No Variations]"
Add component (AddParameter): Name = "Revision"; Value = "July-2002: Re-released for DXP Platform."; VariantName = "[No Variations]"
Added Component: Designator=SW0(SW  MSK-02)
Add component. Clean all parameters for all variants
Added Component: Designator=U0(STM32-UFQFPN48_N)
Add component. Clean all parameters for all variants
Added Component: Designator=U1(JDY-19)
Add component. Clean all parameters for all variants
Added Component: Designator=U2(SOT-23 SI2302)
Add component. Clean all parameters for all variants
Added Component: Designator=U3(MSOP-10)
Add component. Clean all parameters for all variants
Added Component: Designator=U4(SOT23-5)
Add component. Clean all parameters for all variants
Added Component: Designator=U5(SOT-23 SI2302)
Add component. Clean all parameters for all variants
Added Component: Designator=U6(SOT-23 SI2302)
Add component. Clean all parameters for all variants
Added Component: Designator=U7(SOT23-5)
Add component. Clean all parameters for all variants
Added Component: Designator=U8(SHT3X-DIS)
Add component. Clean all parameters for all variants
Added Component: Designator=U9(SOT23-6)
Add component. Clean all parameters for all variants
Added Component: Designator=X0(XTAL-3225)
Add component. Clean all parameters for all variants
Added Pin To Net: NetName=5V Pin=A0-1
Added Pin To Net: NetName=NetA0_2 Pin=A0-2
Added Pin To Net: NetName=NetA0_3 Pin=A0-3
Added Pin To Net: NetName=GND Pin=A0-5
Added Pin To Net: NetName=3.3V Pin=B0-1
Added Pin To Net: NetName=NetB0_2 Pin=B0-2
Added Pin To Net: NetName=GND Pin=C1-1
Added Pin To Net: NetName=NRST Pin=C1-2
Added Pin To Net: NetName=GND Pin=C2-1
Added Pin To Net: NetName=VCAP1 Pin=C2-2
Added Pin To Net: NetName=GND Pin=C3-1
Added Pin To Net: NetName=PC14 Pin=C3-2
Added Pin To Net: NetName=GND Pin=C4-1
Added Pin To Net: NetName=PC15 Pin=C4-2
Added Pin To Net: NetName=GND Pin=C5-1
Added Pin To Net: NetName=PH0 Pin=C5-2
Added Pin To Net: NetName=GND Pin=C6-1
Added Pin To Net: NetName=PH1 Pin=C6-2
Added Pin To Net: NetName=GND Pin=C7-1
Added Pin To Net: NetName=3.3V Pin=C7-2
Added Pin To Net: NetName=GND Pin=C8-1
Added Pin To Net: NetName=3.3V Pin=C8-2
Added Pin To Net: NetName=GND Pin=C9-1
Added Pin To Net: NetName=3.3V Pin=C9-2
Added Pin To Net: NetName=GND Pin=C10-1
Added Pin To Net: NetName=3.3V Pin=C10-2
Added Pin To Net: NetName=5V Pin=C11-1
Added Pin To Net: NetName=GND Pin=C11-2
Added Pin To Net: NetName=GND Pin=C12-1
Added Pin To Net: NetName=NetC12_2 Pin=C12-2
Added Pin To Net: NetName=GND Pin=C13-1
Added Pin To Net: NetName=5V Pin=C13-2
Added Pin To Net: NetName=GND Pin=C14-1
Added Pin To Net: NetName=bat-3.7V Pin=C14-2
Added Pin To Net: NetName=GND Pin=C15-1
Added Pin To Net: NetName=V2.5 Pin=C15-2
Added Pin To Net: NetName=GND Pin=C16-1
Added Pin To Net: NetName=V3.3 Pin=C16-2
Added Pin To Net: NetName=GND Pin=C17-1
Added Pin To Net: NetName=V3.3 Pin=C17-2
Added Pin To Net: NetName=GND Pin=C18-1
Added Pin To Net: NetName=NetC18_2 Pin=C18-2
Added Pin To Net: NetName=GND Pin=C19-1
Added Pin To Net: NetName=NetC19_2 Pin=C19-2
Added Pin To Net: NetName=GND Pin=C20-1
Added Pin To Net: NetName=3.3V Pin=C20-2
Added Pin To Net: NetName=PA10 Pin=H0-1
Added Pin To Net: NetName=PA9 Pin=H0-2
Added Pin To Net: NetName=3.3V Pin=H0-3
Added Pin To Net: NetName=GND Pin=H0-4
Added Pin To Net: NetName=PA13 Pin=H0-5
Added Pin To Net: NetName=PA14 Pin=H0-6
Added Pin To Net: NetName=GND Pin=J1-A1
Added Pin To Net: NetName=CBUS Pin=J1-A4
Added Pin To Net: NetName=NetJ1_A5 Pin=J1-A5
Added Pin To Net: NetName=DP_USB+ Pin=J1-A6
Added Pin To Net: NetName=DP_USB- Pin=J1-A7
Added Pin To Net: NetName=CBUS Pin=J1-A9
Added Pin To Net: NetName=GND Pin=J1-A12
Added Pin To Net: NetName=GND Pin=J1-B1
Added Pin To Net: NetName=CBUS Pin=J1-B4
Added Pin To Net: NetName=NetJ1_B5 Pin=J1-B5
Added Pin To Net: NetName=DP_USB+ Pin=J1-B6
Added Pin To Net: NetName=DP_USB- Pin=J1-B7
Added Pin To Net: NetName=CBUS Pin=J1-B9
Added Pin To Net: NetName=GND Pin=J1-B12
Added Pin To Net: NetName=NRST Pin=K0-1
Added Pin To Net: NetName=GND Pin=K0-2
Added Pin To Net: NetName=GND Pin=L0-1
Added Pin To Net: NetName=LEDK Pin=L0-2
Added Pin To Net: NetName=LEDK Pin=L0-3
Added Pin To Net: NetName=3.3V Pin=L0-4
Added Pin To Net: NetName=GND Pin=L0-5
Added Pin To Net: NetName=GND Pin=L0-6
Added Pin To Net: NetName=LCD_DC Pin=L0-7
Added Pin To Net: NetName=LCD_CS Pin=L0-8
Added Pin To Net: NetName=LCD_SCL Pin=L0-9
Added Pin To Net: NetName=LCD_SDA Pin=L0-10
Added Pin To Net: NetName=LCD_RES Pin=L0-11
Added Pin To Net: NetName=GND Pin=L0-12
Added Pin To Net: NetName=NetLED 0_1 Pin=LED 0-1
Added Pin To Net: NetName=LED Pin=LED 0-2
Added Pin To Net: NetName=UBL_INT2 Pin=P1-1
Added Pin To Net: NetName=UBL_INT1 Pin=P1-2
Added Pin To Net: NetName=PB4 Pin=P1-3
Added Pin To Net: NetName=PB13 Pin=P1-4
Added Pin To Net: NetName=PB14 Pin=P1-5
Added Pin To Net: NetName=PA2 Pin=P1-6
Added Pin To Net: NetName=PA3 Pin=P1-7
Added Pin To Net: NetName=GND Pin=P1-8
Added Pin To Net: NetName=LCD_DC Pin=P2-1
Added Pin To Net: NetName=MPU_FSYC Pin=P2-2
Added Pin To Net: NetName=PB2 Pin=P2-3
Added Pin To Net: NetName=PB3 Pin=P2-4
Added Pin To Net: NetName=PB4 Pin=P2-5
Added Pin To Net: NetName=MPU_INT Pin=P2-6
Added Pin To Net: NetName=MPU_SCL Pin=P2-7
Added Pin To Net: NetName=MPU_SDA Pin=P2-8
Added Pin To Net: NetName=key-2 Pin=P3-1
Added Pin To Net: NetName=PA1 Pin=P3-2
Added Pin To Net: NetName=PA2 Pin=P3-3
Added Pin To Net: NetName=PA3 Pin=P3-4
Added Pin To Net: NetName=LCD_CS Pin=P3-5
Added Pin To Net: NetName=LCD_SCL Pin=P3-6
Added Pin To Net: NetName=LCD_RES Pin=P3-7
Added Pin To Net: NetName=LCD_SDA Pin=P3-8
Added Pin To Net: NetName=MPU_DRDY Pin=P4-1
Added Pin To Net: NetName=beep Pin=P4-2
Added Pin To Net: NetName=PB10 Pin=P4-3
Added Pin To Net: NetName=PB12 Pin=P4-4
Added Pin To Net: NetName=PB13 Pin=P4-5
Added Pin To Net: NetName=PB14 Pin=P4-6
Added Pin To Net: NetName=key-3 Pin=P4-7
Added Pin To Net: NetName=key-1 Pin=P5-1
Added Pin To Net: NetName=PA9 Pin=P5-2
Added Pin To Net: NetName=PA10 Pin=P5-3
Added Pin To Net: NetName=PA11 Pin=P5-4
Added Pin To Net: NetName=PA12 Pin=P5-5
Added Pin To Net: NetName=PA13 Pin=P5-6
Added Pin To Net: NetName=PA14 Pin=P5-7
Added Pin To Net: NetName=LCD_BLK Pin=P5-8
Added Pin To Net: NetName=GND Pin=P6-1
Added Pin To Net: NetName=GND Pin=P6-2
Added Pin To Net: NetName=GND Pin=P6-3
Added Pin To Net: NetName=GND Pin=P6-4
Added Pin To Net: NetName=V2.5 Pin=P6-5
Added Pin To Net: NetName=V2.5 Pin=P6-6
Added Pin To Net: NetName=V2.5 Pin=P6-7
Added Pin To Net: NetName=V2.5 Pin=P6-8
Added Pin To Net: NetName=V2.5 Pin=P7-1
Added Pin To Net: NetName=V2.5 Pin=P7-2
Added Pin To Net: NetName=GND Pin=P7-3
Added Pin To Net: NetName=MPU_SCL Pin=P7-4
Added Pin To Net: NetName=MPU_SDA Pin=P7-5
Added Pin To Net: NetName=MPU_FSYC Pin=P7-6
Added Pin To Net: NetName=MPU_INT Pin=P7-7
Added Pin To Net: NetName=MPU_DRDY Pin=P7-8
Added Pin To Net: NetName=bat-3.7V Pin=P8-1
Added Pin To Net: NetName=GND Pin=P8-2
Added Pin To Net: NetName=NRST Pin=R1-1
Added Pin To Net: NetName=VDD Pin=R1-2
Added Pin To Net: NetName=GND Pin=R2-1
Added Pin To Net: NetName=BOOT0 Pin=R2-2
Added Pin To Net: NetName=NetLED 0_1 Pin=R3-1
Added Pin To Net: NetName=3.3V Pin=R3-2
Added Pin To Net: NetName=GND Pin=R4-1
Added Pin To Net: NetName=NetJ1_A5 Pin=R4-2
Added Pin To Net: NetName=GND Pin=R5-1
Added Pin To Net: NetName=NetJ1_B5 Pin=R5-2
Added Pin To Net: NetName=3.3V Pin=R6-1
Added Pin To Net: NetName=NetR6_2 Pin=R6-2
Added Pin To Net: NetName=NetR6_2 Pin=R7-1
Added Pin To Net: NetName=LCD_BLK Pin=R7-2
Added Pin To Net: NetName=LEDK Pin=R8-1
Added Pin To Net: NetName=NetR8_2 Pin=R8-2
Added Pin To Net: NetName=DP_USB+ Pin=R9-1
Added Pin To Net: NetName=NetA0_3 Pin=R9-2
Added Pin To Net: NetName=DP_USB- Pin=R10-1
Added Pin To Net: NetName=NetA0_2 Pin=R10-2
Added Pin To Net: NetName=GND Pin=R11-1
Added Pin To Net: NetName=NetR11_2 Pin=R11-2
Added Pin To Net: NetName=5V Pin=R12-1
Added Pin To Net: NetName=NetR12_2 Pin=R12-2
Added Pin To Net: NetName=beep Pin=R13-1
Added Pin To Net: NetName=GND Pin=R13-2
Added Pin To Net: NetName=5V Pin=R14-1
Added Pin To Net: NetName=PB12 Pin=R14-2
Added Pin To Net: NetName=PB12 Pin=R15-1
Added Pin To Net: NetName=GND Pin=R15-2
Added Pin To Net: NetName=GND Pin=R16-1
Added Pin To Net: NetName=PA1 Pin=R16-2
Added Pin To Net: NetName=PA1 Pin=R17-1
Added Pin To Net: NetName=bat-3.7V Pin=R17-2
Added Pin To Net: NetName=GND Pin=R18-1
Added Pin To Net: NetName=NetR18_2 Pin=R18-2
Added Pin To Net: NetName=3.3V Pin=R19-1
Added Pin To Net: NetName=PB10 Pin=R19-2
Added Pin To Net: NetName=3.3V Pin=R20-1
Added Pin To Net: NetName=PB3 Pin=R20-2
Added Pin To Net: NetName=VBAT Pin=SW0-2
Added Pin To Net: NetName=3.3V Pin=SW0-3
Added Pin To Net: NetName=VBAT Pin=U0-1
Added Pin To Net: NetName=LED Pin=U0-2
Added Pin To Net: NetName=PC14 Pin=U0-3
Added Pin To Net: NetName=PC15 Pin=U0-4
Added Pin To Net: NetName=PH0 Pin=U0-5
Added Pin To Net: NetName=PH1 Pin=U0-6
Added Pin To Net: NetName=NRST Pin=U0-7
Added Pin To Net: NetName=GND Pin=U0-8
Added Pin To Net: NetName=3.3V Pin=U0-9
Added Pin To Net: NetName=key-2 Pin=U0-10
Added Pin To Net: NetName=PA1 Pin=U0-11
Added Pin To Net: NetName=PA2 Pin=U0-12
Added Pin To Net: NetName=PA3 Pin=U0-13
Added Pin To Net: NetName=LCD_CS Pin=U0-14
Added Pin To Net: NetName=LCD_SCL Pin=U0-15
Added Pin To Net: NetName=LCD_RES Pin=U0-16
Added Pin To Net: NetName=LCD_SDA Pin=U0-17
Added Pin To Net: NetName=LCD_DC Pin=U0-18
Added Pin To Net: NetName=MPU_FSYC Pin=U0-19
Added Pin To Net: NetName=PB2 Pin=U0-20
Added Pin To Net: NetName=PB10 Pin=U0-21
Added Pin To Net: NetName=VCAP1 Pin=U0-22
Added Pin To Net: NetName=GND Pin=U0-23
Added Pin To Net: NetName=3.3V Pin=U0-24
Added Pin To Net: NetName=PB12 Pin=U0-25
Added Pin To Net: NetName=PB13 Pin=U0-26
Added Pin To Net: NetName=PB14 Pin=U0-27
Added Pin To Net: NetName=key-3 Pin=U0-28
Added Pin To Net: NetName=key-1 Pin=U0-29
Added Pin To Net: NetName=PA9 Pin=U0-30
Added Pin To Net: NetName=PA10 Pin=U0-31
Added Pin To Net: NetName=PA11 Pin=U0-32
Added Pin To Net: NetName=PA12 Pin=U0-33
Added Pin To Net: NetName=PA13 Pin=U0-34
Added Pin To Net: NetName=GND Pin=U0-35
Added Pin To Net: NetName=3.3V Pin=U0-36
Added Pin To Net: NetName=PA14 Pin=U0-37
Added Pin To Net: NetName=LCD_BLK Pin=U0-38
Added Pin To Net: NetName=PB3 Pin=U0-39
Added Pin To Net: NetName=PB4 Pin=U0-40
Added Pin To Net: NetName=MPU_INT Pin=U0-41
Added Pin To Net: NetName=MPU_SCL Pin=U0-42
Added Pin To Net: NetName=MPU_SDA Pin=U0-43
Added Pin To Net: NetName=BOOT0 Pin=U0-44
Added Pin To Net: NetName=MPU_DRDY Pin=U0-45
Added Pin To Net: NetName=beep Pin=U0-46
Added Pin To Net: NetName=GND Pin=U0-47
Added Pin To Net: NetName=3.3V Pin=U0-48
Added Pin To Net: NetName=GND Pin=U0-49
Added Pin To Net: NetName=V2.5 Pin=U1-1
Added Pin To Net: NetName=PB4 Pin=U1-6
Added Pin To Net: NetName=UBL_INT1 Pin=U1-18
Added Pin To Net: NetName=PA3 Pin=U1-19
Added Pin To Net: NetName=PA2 Pin=U1-20
Added Pin To Net: NetName=UBL_INT2 Pin=U1-21
Added Pin To Net: NetName=PB14 Pin=U1-22
Added Pin To Net: NetName=PB13 Pin=U1-23
Added Pin To Net: NetName=GND Pin=U1-24
Added Pin To Net: NetName=NetR6_2 Pin=U2-1
Added Pin To Net: NetName=GND Pin=U2-2
Added Pin To Net: NetName=NetR8_2 Pin=U2-3
Added Pin To Net: NetName=DP_USB+ Pin=U3-1
Added Pin To Net: NetName=DP_USB- Pin=U3-2
Added Pin To Net: NetName=GND Pin=U3-3
Added Pin To Net: NetName=5V Pin=U3-7
Added Pin To Net: NetName=NetC12_2 Pin=U3-10
Added Pin To Net: NetName=POR Pin=U4-1
Added Pin To Net: NetName=GND Pin=U4-2
Added Pin To Net: NetName=BAT Pin=U4-3
Added Pin To Net: NetName=NetR12_2 Pin=U4-4
Added Pin To Net: NetName=NetR11_2 Pin=U4-5
Added Pin To Net: NetName=beep Pin=U5-1
Added Pin To Net: NetName=GND Pin=U5-2
Added Pin To Net: NetName=NetB0_2 Pin=U5-3
Added Pin To Net: NetName=GND Pin=U6-1
Added Pin To Net: NetName=V2.5 Pin=U6-2
Added Pin To Net: NetName=bat-3.7V Pin=U6-3
Added Pin To Net: NetName=VBAT Pin=U7-1
Added Pin To Net: NetName=GND Pin=U7-2
Added Pin To Net: NetName=EN-3.3 Pin=U7-3
Added Pin To Net: NetName=V3.3 Pin=U7-5
Added Pin To Net: NetName=PB3 Pin=U8-1
Added Pin To Net: NetName=NetR18_2 Pin=U8-2
Added Pin To Net: NetName=PB10 Pin=U8-4
Added Pin To Net: NetName=3.3V Pin=U8-5
Added Pin To Net: NetName=GND Pin=U8-7
Added Pin To Net: NetName=GND Pin=U8-8
Added Pin To Net: NetName=GND Pin=U8-9
Added Pin To Net: NetName=V3.3 Pin=U9-1
Added Pin To Net: NetName=GND Pin=U9-2
Added Pin To Net: NetName=key-1 Pin=U9-3
Added Pin To Net: NetName=key-2 Pin=U9-4
Added Pin To Net: NetName=NetC19_2 Pin=U9-5
Added Pin To Net: NetName=NetC18_2 Pin=U9-6
Added Pin To Net: NetName=PH0 Pin=X0-1
Added Pin To Net: NetName=GND Pin=X0-2
Added Pin To Net: NetName=GND Pin=X0-2
Added Pin To Net: NetName=PH1 Pin=X0-3
Added Member To Class: ClassName=Sheet-watch Member=Component A0 Micro USB
Added Member To Class: ClassName=Sheet-watch Member=Component B0 5020·äÃùÆ÷
Added Member To Class: ClassName=Sheet-watch Member=Component C1 1uF
Added Member To Class: ClassName=Sheet-watch Member=Component C2 4.7uF
Added Member To Class: ClassName=Sheet-watch Member=Component C3 15pF
Added Member To Class: ClassName=Sheet-watch Member=Component C4 15pF
Added Member To Class: ClassName=Sheet-watch Member=Component C5 8pF
Added Member To Class: ClassName=Sheet-watch Member=Component C6 8pF
Added Member To Class: ClassName=Sheet-watch Member=Component C7 100nF
Added Member To Class: ClassName=Sheet-watch Member=Component C8 100nF
Added Member To Class: ClassName=Sheet-watch Member=Component C9 100nF
Added Member To Class: ClassName=Sheet-watch Member=Component C10 100nF
Added Member To Class: ClassName=Sheet-watch Member=Component C11 100nF
Added Member To Class: ClassName=Sheet-watch Member=Component C12 100nF
Added Member To Class: ClassName=Sheet-watch Member=Component C13 1uF
Added Member To Class: ClassName=Sheet-watch Member=Component C14 1uF
Added Member To Class: ClassName=Sheet-watch Member=Component C15 1uF
Added Member To Class: ClassName=Sheet-watch Member=Component C16 1uF
Added Member To Class: ClassName=Sheet-watch Member=Component C17 100nF
Added Member To Class: ClassName=Sheet-watch Member=Component C18 15pF
Added Member To Class: ClassName=Sheet-watch Member=Component C19 15pF
Added Member To Class: ClassName=Sheet-watch Member=Component C20 100nF
Added Member To Class: ClassName=Sheet-watch Member=Component H0 Header_6P_Curved
Added Member To Class: ClassName=Sheet-watch Member=Component J1 Type_C-24P-UJ31-CH-G2-SMT-TR
Added Member To Class: ClassName=Sheet-watch Member=Component K0 KEY 3*4
Added Member To Class: ClassName=Sheet-watch Member=Component L0 TFT LED
Added Member To Class: ClassName=Sheet-watch Member=Component LED 0 LED 0603
Added Member To Class: ClassName=Sheet-watch Member=Component P1 Header 8
Added Member To Class: ClassName=Sheet-watch Member=Component P2 Header 8
Added Member To Class: ClassName=Sheet-watch Member=Component P3 Header 8
Added Member To Class: ClassName=Sheet-watch Member=Component P4 Header 8
Added Member To Class: ClassName=Sheet-watch Member=Component P5 Header 8
Added Member To Class: ClassName=Sheet-watch Member=Component P6 Header 8
Added Member To Class: ClassName=Sheet-watch Member=Component P7 Header 8
Added Member To Class: ClassName=Sheet-watch Member=Component P8 power
Added Member To Class: ClassName=Sheet-watch Member=Component R1 4.7K
Added Member To Class: ClassName=Sheet-watch Member=Component R2 10K
Added Member To Class: ClassName=Sheet-watch Member=Component R3 1K
Added Member To Class: ClassName=Sheet-watch Member=Component R4 1.5K
Added Member To Class: ClassName=Sheet-watch Member=Component R5 1.5K
Added Member To Class: ClassName=Sheet-watch Member=Component R6 10K
Added Member To Class: ClassName=Sheet-watch Member=Component R7 1K
Added Member To Class: ClassName=Sheet-watch Member=Component R8 10R
Added Member To Class: ClassName=Sheet-watch Member=Component R9 22R
Added Member To Class: ClassName=Sheet-watch Member=Component R10 22R
Added Member To Class: ClassName=Sheet-watch Member=Component R11 1.25K
Added Member To Class: ClassName=Sheet-watch Member=Component R12 0.25R
Added Member To Class: ClassName=Sheet-watch Member=Component R13 33K
Added Member To Class: ClassName=Sheet-watch Member=Component R14 10K
Added Member To Class: ClassName=Sheet-watch Member=Component R15 10K
Added Member To Class: ClassName=Sheet-watch Member=Component R16 10K
Added Member To Class: ClassName=Sheet-watch Member=Component R17 10K
Added Member To Class: ClassName=Sheet-watch Member=Component R18 10K
Added Member To Class: ClassName=Sheet-watch Member=Component R19 10K
Added Member To Class: ClassName=Sheet-watch Member=Component R20 10K
Added Member To Class: ClassName=Sheet-watch Member=Component SW0 MKS-12D19
Added Member To Class: ClassName=Sheet-watch Member=Component U0 STM32F401CCU6
Added Member To Class: ClassName=Sheet-watch Member=Component U1 JDY-19
Added Member To Class: ClassName=Sheet-watch Member=Component U2 S8050
Added Member To Class: ClassName=Sheet-watch Member=Component U3 CH340E
Added Member To Class: ClassName=Sheet-watch Member=Component U4 TP4054
Added Member To Class: ClassName=Sheet-watch Member=Component U5 SI2302
Added Member To Class: ClassName=Sheet-watch Member=Component U6 XC6206
Added Member To Class: ClassName=Sheet-watch Member=Component U7 TPS709
Added Member To Class: ClassName=Sheet-watch Member=Component U8 SHT30
Added Member To Class: ClassName=Sheet-watch Member=Component U9 BS812A-1
Added Member To Class: ClassName=Sheet-watch Member=Component X0 26M
Added Room: Name=Sheet-watch
