Removed Pin From Net: NetName=GND Pin=J1-A1
Removed Pin From Net: NetName=5V Pin=J1-A4
Removed Pin From Net: NetName=NetJ1_A5 Pin=J1-A5
Removed Pin From Net: NetName=DP_USB+ Pin=J1-A6
Removed Pin From Net: NetName=DM_USB- Pin=J1-A7
Removed Pin From Net: NetName=5V Pin=J1-A9
Removed Pin From Net: NetName=GND Pin=J1-A12
Removed Pin From Net: NetName=GND Pin=J1-B1
Removed Pin From Net: NetName=5V Pin=J1-B4
Removed Pin From Net: NetName=NetJ1_B5 Pin=J1-B5
Removed Pin From Net: NetName=DP_USB+ Pin=J1-B6
Removed Pin From Net: NetName=DM_USB- Pin=J1-B7
Removed Pin From Net: NetName=5V Pin=J1-B9
Removed Pin From Net: NetName=GND Pin=J1-B12
Removed Pin From Net: NetName=GND Pin=R4-1
Removed Pin From Net: NetName=NetJ1_A5 Pin=R4-2
Removed Pin From Net: NetName=GND Pin=R5-1
Removed Pin From Net: NetName=NetJ1_B5 Pin=R5-2
Removed Member From Class: ClassName=Sheet-watch Member=J1
Removed Member From Class: ClassName=Sheet-watch Member=R4
Removed Member From Class: ClassName=Sheet-watch Member=R5
Added Component: Designator=R111(CR1608-0603)
Add component. Clean all parameters for all variants
Add component (AddParameter): Name = "Published"; Value = "8-Jun-2000"; VariantName = "[No Variations]"
Add component (AddParameter): Name = "Publisher"; Value = "Altium Limited"; VariantName = "[No Variations]"
Add component (AddParameter): Name = "Revision"; Value = "July-2002: Re-released for DXP Platform."; VariantName = "[No Variations]"
Added Component: Designator=R222(CR1608-0603)
Add component. Clean all parameters for all variants
Add component (AddParameter): Name = "Published"; Value = "8-Jun-2000"; VariantName = "[No Variations]"
Add component (AddParameter): Name = "Publisher"; Value = "Altium Limited"; VariantName = "[No Variations]"
Add component (AddParameter): Name = "Revision"; Value = "July-2002: Re-released for DXP Platform."; VariantName = "[No Variations]"
Added Component: Designator=USB0(TYPE-C 16P)
Add component. Clean all parameters for all variants
Added Pin To Net: NetName=GND Pin=R111-1
Added Pin To Net: NetName=NetJ1_A5 Pin=R111-2
Added Pin To Net: NetName=GND Pin=R222-1
Added Pin To Net: NetName=NetJ1_B5 Pin=R222-2
Added Pin To Net: NetName=GND Pin=USB0-A1B12
Added Pin To Net: NetName=NetJ1_A5 Pin=USB0-A5
Added Pin To Net: NetName=DP_USB+ Pin=USB0-A6
Added Pin To Net: NetName=DM_USB- Pin=USB0-A7
Added Pin To Net: NetName=GND Pin=USB0-B1A12
Added Pin To Net: NetName=5V Pin=USB0-B4A9
Added Pin To Net: NetName=NetJ1_B5 Pin=USB0-B5
Added Pin To Net: NetName=DP_USB+ Pin=USB0-B6
Added Pin To Net: NetName=DM_USB- Pin=USB0-B7
Change Net Name : Old Net Name=NetJ1_A5 New Net Name=NetR111_2
Change Net Name : Old Net Name=NetJ1_B5 New Net Name=NetR222_2
Added Member To Class: ClassName=Sheet-watch Member=Component R111 1.5K
Added Member To Class: ClassName=Sheet-watch Member=Component R222 1.5K
Added Member To Class: ClassName=Sheet-watch Member=Component USB0 Tpye-c 16P
Added Room: Name=Sheet-watch
