Added Component: Designator=25MHz X0(T 3225)
Add component. Clean all parameters for all variants
Added Component: Designator=32KHz X0(T 3215)
Add component. Clean all parameters for all variants
Added Component: Designator=A0(Micro usb AB)
Add component. Clean all parameters for all variants
Added Component: Designator=B0(5020·äÃùÆ÷)
Add component. Clean all parameters for all variants
Added Component: Designator=C0(0402Capacitor)
Add component. Clean all parameters for all variants
Added Component: Designator=C1(0402Capacitor)
Add component. Clean all parameters for all variants
Added Component: Designator=C2(0402Capacitor)
Add component. Clean all parameters for all variants
Added Component: Designator=C3(0402Capacitor)
Add component. Clean all parameters for all variants
Added Component: Designator=C4(0402Capacitor)
Add component. Clean all parameters for all variants
Added Component: Designator=C5(0402Capacitor)
Add component. Clean all parameters for all variants
Added Component: Designator=C6(0402Capacitor)
Add component. Clean all parameters for all variants
Added Component: Designator=C7(0402Capacitor)
Add component. Clean all parameters for all variants
Added Component: Designator=C8(0402Capacitor)
Add component. Clean all parameters for all variants
Added Component: Designator=C10(0402Capacitor)
Add component. Clean all parameters for all variants
Added Component: Designator=C11(0402Capacitor)
Add component. Clean all parameters for all variants
Added Component: Designator=C12(0402Capacitor)
Add component. Clean all parameters for all variants
Added Component: Designator=C13(0402Capacitor)
Add component. Clean all parameters for all variants
Added Component: Designator=C14(0402Capacitor)
Add component. Clean all parameters for all variants
Added Component: Designator=C15(0402Capacitor)
Add component. Clean all parameters for all variants
Added Component: Designator=C16(0402Capacitor)
Add component. Clean all parameters for all variants
Added Component: Designator=C17(0402Capacitor)
Add component. Clean all parameters for all variants
Added Component: Designator=C18(0402Capacitor)
Add component. Clean all parameters for all variants
Added Component: Designator=C19(0402Capacitor)
Add component. Clean all parameters for all variants
Added Component: Designator=CC5(CC1608-0603)
Add component. Clean all parameters for all variants
Add component (AddParameter): Name = "Published"; Value = "8-Jun-2000"; VariantName = "[No Variations]"
Add component (AddParameter): Name = "Publisher"; Value = "Altium Limited"; VariantName = "[No Variations]"
Add component (AddParameter): Name = "Revision"; Value = "July-2002: Re-released for DXP Platform."; VariantName = "[No Variations]"
Add component (AddParameter): Name = "Value"; Value = "4.7uf"; VariantName = "[No Variations]"
Added Component: Designator=CR14(CR1608-0603)
Add component. Clean all parameters for all variants
Add component (AddParameter): Name = "Published"; Value = "8-Jun-2000"; VariantName = "[No Variations]"
Add component (AddParameter): Name = "Publisher"; Value = "Altium Limited"; VariantName = "[No Variations]"
Add component (AddParameter): Name = "Revision"; Value = "July-2002: Re-released for DXP Platform."; VariantName = "[No Variations]"
Add component (AddParameter): Name = "Value"; Value = "10R"; VariantName = "[No Variations]"
Added Component: Designator=CR17(CR1608-0603)
Add component. Clean all parameters for all variants
Add component (AddParameter): Name = "Published"; Value = "8-Jun-2000"; VariantName = "[No Variations]"
Add component (AddParameter): Name = "Publisher"; Value = "Altium Limited"; VariantName = "[No Variations]"
Add component (AddParameter): Name = "Revision"; Value = "July-2002: Re-released for DXP Platform."; VariantName = "[No Variations]"
Add component (AddParameter): Name = "Value"; Value = "22R"; VariantName = "[No Variations]"
Added Component: Designator=CR18(CR1608-0603)
Add component. Clean all parameters for all variants
Add component (AddParameter): Name = "Published"; Value = "8-Jun-2000"; VariantName = "[No Variations]"
Add component (AddParameter): Name = "Publisher"; Value = "Altium Limited"; VariantName = "[No Variations]"
Add component (AddParameter): Name = "Revision"; Value = "July-2002: Re-released for DXP Platform."; VariantName = "[No Variations]"
Add component (AddParameter): Name = "Value"; Value = "22R"; VariantName = "[No Variations]"
Added Component: Designator=CR20(CR3216-1206)
Add component. Clean all parameters for all variants
Add component (AddParameter): Name = "Published"; Value = "8-Jun-2000"; VariantName = "[No Variations]"
Add component (AddParameter): Name = "Publisher"; Value = "Altium Limited"; VariantName = "[No Variations]"
Add component (AddParameter): Name = "Revision"; Value = "July-2002: Re-released for DXP Platform."; VariantName = "[No Variations]"
Add component (AddParameter): Name = "Value"; Value = "0.4R"; VariantName = "[No Variations]"
Added Component: Designator=H0(Header_2_54_6PW)
Add component. Clean all parameters for all variants
Added Component: Designator=K0(2*4*3.5 KEY)
Add component. Clean all parameters for all variants
Added Component: Designator=K1(2*4*3.5 KEY)
Add component. Clean all parameters for all variants
Added Component: Designator=K2(2*4*3.5 KEY)
Add component. Clean all parameters for all variants
Added Component: Designator=K4(KEY 3*4)
Add component. Clean all parameters for all variants
Added Component: Designator=L0(LCD-1.14IPS-(2))
Add component. Clean all parameters for all variants
Added Component: Designator=P0(POWER-3.7V)
Add component. Clean all parameters for all variants
Added Component: Designator=R0(0402resistor)
Add component. Clean all parameters for all variants
Added Component: Designator=R1(0402resistor)
Add component. Clean all parameters for all variants
Added Component: Designator=R3(0402resistor)
Add component. Clean all parameters for all variants
Added Component: Designator=R4(0402resistor)
Add component. Clean all parameters for all variants
Added Component: Designator=R5(0402resistor)
Add component. Clean all parameters for all variants
Added Component: Designator=R6(0402resistor)
Add component. Clean all parameters for all variants
Added Component: Designator=R7(0402resistor)
Add component. Clean all parameters for all variants
Added Component: Designator=R9(0402resistor)
Add component. Clean all parameters for all variants
Added Component: Designator=R10(0402resistor)
Add component. Clean all parameters for all variants
Added Component: Designator=R11(0402resistor)
Add component. Clean all parameters for all variants
Added Component: Designator=R12(0402resistor)
Add component. Clean all parameters for all variants
Added Component: Designator=R13(0402resistor)
Add component. Clean all parameters for all variants
Added Component: Designator=R15(0402resistor)
Add component. Clean all parameters for all variants
Added Component: Designator=R16(0402resistor)
Add component. Clean all parameters for all variants
Added Component: Designator=R19(0402resistor)
Add component. Clean all parameters for all variants
Added Component: Designator=R20(0402resistor)
Add component. Clean all parameters for all variants
Added Component: Designator=R21(0402resistor)
Add component. Clean all parameters for all variants
Added Component: Designator=R22(0402resistor)
Add component. Clean all parameters for all variants
Added Component: Designator=R23(0402resistor)
Add component. Clean all parameters for all variants
Added Component: Designator=SW0(SW  MSK-02)
Add component. Clean all parameters for all variants
Added Component: Designator=T0(ESOP8)
Add component. Clean all parameters for all variants
Added Component: Designator=U0(STM32-UFQFPN48_N)
Add component. Clean all parameters for all variants
Added Component: Designator=U2(SOT-23 SI2302)
Add component. Clean all parameters for all variants
Added Component: Designator=U3(SHT3X-DIS)
Add component. Clean all parameters for all variants
Added Component: Designator=U4(QFN24 - duplicate)
Add component. Clean all parameters for all variants
Added Component: Designator=U5(SOT-23 SI2302)
Add component. Clean all parameters for all variants
Added Component: Designator=U6(SOT23-5)
Add component. Clean all parameters for all variants
Added Pin To Net: NetName=PH0 Pin=25MHz X0-1
Added Pin To Net: NetName=PH1 Pin=25MHz X0-2
Added Pin To Net: NetName=GND Pin=25MHz X0-3
Added Pin To Net: NetName=GND Pin=25MHz X0-3
Added Pin To Net: NetName=PC14 Pin=32KHz X0-1
Added Pin To Net: NetName=PC15 Pin=32KHz X0-2
Added Pin To Net: NetName=5V Pin=A0-1
Added Pin To Net: NetName=NetA0_2 Pin=A0-2
Added Pin To Net: NetName=NetA0_3 Pin=A0-3
Added Pin To Net: NetName=GND Pin=A0-5
Added Pin To Net: NetName=3.3V Pin=B0-1
Added Pin To Net: NetName=NetB0_2 Pin=B0-2
Added Pin To Net: NetName=GND Pin=C0-1
Added Pin To Net: NetName=3.3V Pin=C0-2
Added Pin To Net: NetName=GND Pin=C1-1
Added Pin To Net: NetName=3.3V Pin=C1-2
Added Pin To Net: NetName=GND Pin=C2-1
Added Pin To Net: NetName=3.3V Pin=C2-2
Added Pin To Net: NetName=GND Pin=C3-1
Added Pin To Net: NetName=3.3V Pin=C3-2
Added Pin To Net: NetName=GND Pin=C4-1
Added Pin To Net: NetName=PC14 Pin=C4-2
Added Pin To Net: NetName=GND Pin=C5-1
Added Pin To Net: NetName=PC15 Pin=C5-2
Added Pin To Net: NetName=GND Pin=C6-1
Added Pin To Net: NetName=PH0 Pin=C6-2
Added Pin To Net: NetName=GND Pin=C7-1
Added Pin To Net: NetName=PH1 Pin=C7-2
Added Pin To Net: NetName=GND Pin=C8-1
Added Pin To Net: NetName=NRST Pin=C8-2
Added Pin To Net: NetName=GND Pin=C10-1
Added Pin To Net: NetName=bat-3.7V Pin=C10-2
Added Pin To Net: NetName=GND Pin=C11-1
Added Pin To Net: NetName=VBAT Pin=C11-2
Added Pin To Net: NetName=GND Pin=C12-1
Added Pin To Net: NetName=VBAT Pin=C12-2
Added Pin To Net: NetName=GND Pin=C13-1
Added Pin To Net: NetName=bat-3.7V Pin=C13-2
Added Pin To Net: NetName=GND Pin=C14-1
Added Pin To Net: NetName=bat-3.7V Pin=C14-2
Added Pin To Net: NetName=GND Pin=C15-1
Added Pin To Net: NetName=NetC15_2 Pin=C15-2
Added Pin To Net: NetName=NetC16_1 Pin=C16-1
Added Pin To Net: NetName=GND Pin=C16-2
Added Pin To Net: NetName=GND Pin=C17-1
Added Pin To Net: NetName=NetC17_2 Pin=C17-2
Added Pin To Net: NetName=GND Pin=C18-1
Added Pin To Net: NetName=3.3V Pin=C18-2
Added Pin To Net: NetName=GND Pin=C19-1
Added Pin To Net: NetName=3.3V Pin=C19-2
Added Pin To Net: NetName=GND Pin=CC5-1
Added Pin To Net: NetName=VCAP1 Pin=CC5-2
Added Pin To Net: NetName=NetCR14_1 Pin=CR14-1
Added Pin To Net: NetName=LCD_LEDK Pin=CR14-2
Added Pin To Net: NetName=PA11 Pin=CR17-1
Added Pin To Net: NetName=NetA0_2 Pin=CR17-2
Added Pin To Net: NetName=PA12 Pin=CR18-1
Added Pin To Net: NetName=NetA0_3 Pin=CR18-2
Added Pin To Net: NetName=NetC15_2 Pin=CR20-1
Added Pin To Net: NetName=5V Pin=CR20-2
Added Pin To Net: NetName=PA10 Pin=H0-1
Added Pin To Net: NetName=PA9 Pin=H0-2
Added Pin To Net: NetName=3.3V Pin=H0-3
Added Pin To Net: NetName=GND Pin=H0-4
Added Pin To Net: NetName=PA13 Pin=H0-5
Added Pin To Net: NetName=PA14 Pin=H0-6
Added Pin To Net: NetName=key-1 Pin=K0-1
Added Pin To Net: NetName=GND Pin=K0-2
Added Pin To Net: NetName=key-2 Pin=K1-1
Added Pin To Net: NetName=GND Pin=K1-2
Added Pin To Net: NetName=key-3 Pin=K2-1
Added Pin To Net: NetName=GND Pin=K2-2
Added Pin To Net: NetName=NRST Pin=K4-1
Added Pin To Net: NetName=GND Pin=K4-2
Added Pin To Net: NetName=LCD_SDA Pin=L0-3
Added Pin To Net: NetName=LCD_SCL Pin=L0-4
Added Pin To Net: NetName=LCD_DC Pin=L0-5
Added Pin To Net: NetName=LCD_RES Pin=L0-6
Added Pin To Net: NetName=LCD_CS Pin=L0-7
Added Pin To Net: NetName=GND Pin=L0-8
Added Pin To Net: NetName=3.3V Pin=L0-10
Added Pin To Net: NetName=LCD_LEDK Pin=L0-11
Added Pin To Net: NetName=3.3V Pin=L0-12
Added Pin To Net: NetName=GND Pin=L0-13
Added Pin To Net: NetName=bat-3.7V Pin=P0-1
Added Pin To Net: NetName=GND Pin=P0-2
Added Pin To Net: NetName=NRST Pin=R0-1
Added Pin To Net: NetName=3.3V Pin=R0-2
Added Pin To Net: NetName=GND Pin=R1-1
Added Pin To Net: NetName=BOOT0 Pin=R1-2
Added Pin To Net: NetName=NetLED0_1 Pin=R3-1
Added Pin To Net: NetName=3.3V Pin=R3-2
Added Pin To Net: NetName=bat-3.7V Pin=R4-1
Added Pin To Net: NetName=PA1 Pin=R4-2
Added Pin To Net: NetName=PA1 Pin=R5-1
Added Pin To Net: NetName=GND Pin=R5-2
Added Pin To Net: NetName=NetC15_2 Pin=R6-1
Added Pin To Net: NetName=NetLED1_1 Pin=R6-2
Added Pin To Net: NetName=NetR7_1 Pin=R7-1
Added Pin To Net: NetName=GND Pin=R7-2
Added Pin To Net: NetName=MPU_INT Pin=R9-1
Added Pin To Net: NetName=3.3V Pin=R9-2
Added Pin To Net: NetName=MPU_SDA Pin=R10-1
Added Pin To Net: NetName=3.3V Pin=R10-2
Added Pin To Net: NetName=MPU_SCL Pin=R11-1
Added Pin To Net: NetName=3.3V Pin=R11-2
Added Pin To Net: NetName=NetR12_1 Pin=R12-1
Added Pin To Net: NetName=3.3V Pin=R12-2
Added Pin To Net: NetName=NetR12_1 Pin=R13-1
Added Pin To Net: NetName=LCD_BLK Pin=R13-2
Added Pin To Net: NetName=PB12 Pin=R15-1
Added Pin To Net: NetName=5V Pin=R15-2
Added Pin To Net: NetName=GND Pin=R16-1
Added Pin To Net: NetName=PB12 Pin=R16-2
Added Pin To Net: NetName=3.3V Pin=R19-1
Added Pin To Net: NetName=NetA0_3 Pin=R19-2
Added Pin To Net: NetName=GND Pin=R20-1
Added Pin To Net: NetName=beep Pin=R20-2
Added Pin To Net: NetName=NetR21_1 Pin=R21-1
Added Pin To Net: NetName=GND Pin=R21-2
Added Pin To Net: NetName=PB10 Pin=R22-1
Added Pin To Net: NetName=3.3V Pin=R22-2
Added Pin To Net: NetName=PB3 Pin=R23-1
Added Pin To Net: NetName=3.3V Pin=R23-2
Added Pin To Net: NetName=VBAT Pin=SW0-2
Added Pin To Net: NetName=3.3V Pin=SW0-3
Added Pin To Net: NetName=GND Pin=T0-1
Added Pin To Net: NetName=NetR7_1 Pin=T0-2
Added Pin To Net: NetName=GND Pin=T0-3
Added Pin To Net: NetName=NetC15_2 Pin=T0-4
Added Pin To Net: NetName=bat-3.7V Pin=T0-5
Added Pin To Net: NetName=GND Pin=T0-6
Added Pin To Net: NetName=NetLED1_2 Pin=T0-7
Added Pin To Net: NetName=NetC15_2 Pin=T0-8
Added Pin To Net: NetName=VBAT Pin=U0-1
Added Pin To Net: NetName=LED Pin=U0-2
Added Pin To Net: NetName=PC14 Pin=U0-3
Added Pin To Net: NetName=PC15 Pin=U0-4
Added Pin To Net: NetName=PH0 Pin=U0-5
Added Pin To Net: NetName=PH1 Pin=U0-6
Added Pin To Net: NetName=NRST Pin=U0-7
Added Pin To Net: NetName=GND Pin=U0-8
Added Pin To Net: NetName=3.3V Pin=U0-9
Added Pin To Net: NetName=key-2 Pin=U0-10
Added Pin To Net: NetName=PA1 Pin=U0-11
Added Pin To Net: NetName=PA2 Pin=U0-12
Added Pin To Net: NetName=LCD_BLK Pin=U0-13
Added Pin To Net: NetName=LCD_CS Pin=U0-14
Added Pin To Net: NetName=LCD_SCL Pin=U0-15
Added Pin To Net: NetName=LCD_RES Pin=U0-16
Added Pin To Net: NetName=LCD_SDA Pin=U0-17
Added Pin To Net: NetName=LCD_DC Pin=U0-18
Added Pin To Net: NetName=PB1 Pin=U0-19
Added Pin To Net: NetName=BOOT1 Pin=U0-20
Added Pin To Net: NetName=PB10 Pin=U0-21
Added Pin To Net: NetName=VCAP1 Pin=U0-22
Added Pin To Net: NetName=GND Pin=U0-23
Added Pin To Net: NetName=3.3V Pin=U0-24
Added Pin To Net: NetName=PB12 Pin=U0-25
Added Pin To Net: NetName=PB13 Pin=U0-26
Added Pin To Net: NetName=PB14 Pin=U0-27
Added Pin To Net: NetName=key-3 Pin=U0-28
Added Pin To Net: NetName=key-1 Pin=U0-29
Added Pin To Net: NetName=PA9 Pin=U0-30
Added Pin To Net: NetName=PA10 Pin=U0-31
Added Pin To Net: NetName=PA11 Pin=U0-32
Added Pin To Net: NetName=PA12 Pin=U0-33
Added Pin To Net: NetName=PA13 Pin=U0-34
Added Pin To Net: NetName=GND Pin=U0-35
Added Pin To Net: NetName=3.3V Pin=U0-36
Added Pin To Net: NetName=PA14 Pin=U0-37
Added Pin To Net: NetName=PA15 Pin=U0-38
Added Pin To Net: NetName=PB3 Pin=U0-39
Added Pin To Net: NetName=PB4 Pin=U0-40
Added Pin To Net: NetName=MPU_INT Pin=U0-41
Added Pin To Net: NetName=MPU_SCL Pin=U0-42
Added Pin To Net: NetName=MPU_SDA Pin=U0-43
Added Pin To Net: NetName=BOOT0 Pin=U0-44
Added Pin To Net: NetName=PB8 Pin=U0-45
Added Pin To Net: NetName=beep Pin=U0-46
Added Pin To Net: NetName=GND Pin=U0-47
Added Pin To Net: NetName=3.3V Pin=U0-48
Added Pin To Net: NetName=GND Pin=U0-49
Added Pin To Net: NetName=beep Pin=U2-1
Added Pin To Net: NetName=GND Pin=U2-2
Added Pin To Net: NetName=NetB0_2 Pin=U2-3
Added Pin To Net: NetName=PB3 Pin=U3-1
Added Pin To Net: NetName=NetR21_1 Pin=U3-2
Added Pin To Net: NetName=PB10 Pin=U3-4
Added Pin To Net: NetName=3.3V Pin=U3-5
Added Pin To Net: NetName=GND Pin=U3-7
Added Pin To Net: NetName=GND Pin=U3-8
Added Pin To Net: NetName=GND Pin=U3-9
Added Pin To Net: NetName=GND Pin=U4-1
Added Pin To Net: NetName=GND Pin=U4-1
Added Pin To Net: NetName=GND Pin=U4-6
Added Pin To Net: NetName=GND Pin=U4-7
Added Pin To Net: NetName=3.3V Pin=U4-8
Added Pin To Net: NetName=GND Pin=U4-9
Added Pin To Net: NetName=NetC16_1 Pin=U4-10
Added Pin To Net: NetName=GND Pin=U4-11
Added Pin To Net: NetName=MPU_INT Pin=U4-12
Added Pin To Net: NetName=3.3V Pin=U4-13
Added Pin To Net: NetName=GND Pin=U4-18
Added Pin To Net: NetName=NetC17_2 Pin=U4-20
Added Pin To Net: NetName=MPU_SCL Pin=U4-23
Added Pin To Net: NetName=MPU_SDA Pin=U4-24
Added Pin To Net: NetName=NetR12_1 Pin=U5-1
Added Pin To Net: NetName=GND Pin=U5-2
Added Pin To Net: NetName=NetCR14_1 Pin=U5-3
Added Pin To Net: NetName=bat-3.7V Pin=U6-1
Added Pin To Net: NetName=GND Pin=U6-2
Added Pin To Net: NetName=bat-3.7V Pin=U6-3
Added Pin To Net: NetName=VBAT Pin=U6-5
Change Net Name : Old Net Name=BOOT1 New Net Name=PB2
Added Member To Class: ClassName=Sheet-watch Member=Component 25MHz X0 XTAL 3225 8M
Added Member To Class: ClassName=Sheet-watch Member=Component 32KHz X0 XTAL 3215 32.768kKHz
Added Member To Class: ClassName=Sheet-watch Member=Component A0 Micro USB
Added Member To Class: ClassName=Sheet-watch Member=Component B0 5020·äÃùÆ÷
Added Member To Class: ClassName=Sheet-watch Member=Component C0 100NF
Added Member To Class: ClassName=Sheet-watch Member=Component C1 100NF
Added Member To Class: ClassName=Sheet-watch Member=Component C2 100NF
Added Member To Class: ClassName=Sheet-watch Member=Component C3 100NF
Added Member To Class: ClassName=Sheet-watch Member=Component C4 15PF
Added Member To Class: ClassName=Sheet-watch Member=Component C5 15PF
Added Member To Class: ClassName=Sheet-watch Member=Component C6 8PF
Added Member To Class: ClassName=Sheet-watch Member=Component C7 8PF
Added Member To Class: ClassName=Sheet-watch Member=Component C8 1UF
Added Member To Class: ClassName=Sheet-watch Member=Component C10 10UF
Added Member To Class: ClassName=Sheet-watch Member=Component C11 10UF
Added Member To Class: ClassName=Sheet-watch Member=Component C12 100NF
Added Member To Class: ClassName=Sheet-watch Member=Component C13 10UF
Added Member To Class: ClassName=Sheet-watch Member=Component C14 100NF
Added Member To Class: ClassName=Sheet-watch Member=Component C15 10UF
Added Member To Class: ClassName=Sheet-watch Member=Component C16 100NF
Added Member To Class: ClassName=Sheet-watch Member=Component C17 2.2UF
Added Member To Class: ClassName=Sheet-watch Member=Component C18 1UF
Added Member To Class: ClassName=Sheet-watch Member=Component C19 100NF
Added Member To Class: ClassName=Sheet-watch Member=Component CC5 Cap Chip 0603
Added Member To Class: ClassName=Sheet-watch Member=Component CR14 Resistor Chip 0603
Added Member To Class: ClassName=Sheet-watch Member=Component CR17 Resistor Chip 0603
Added Member To Class: ClassName=Sheet-watch Member=Component CR18 Resistor Chip 0603
Added Member To Class: ClassName=Sheet-watch Member=Component CR20 Resistor Chip 1206
Added Member To Class: ClassName=Sheet-watch Member=Component H0 Header_6P_Curved
Added Member To Class: ClassName=Sheet-watch Member=Component K0 KEY 3*4
Added Member To Class: ClassName=Sheet-watch Member=Component K1 KEY 3*4
Added Member To Class: ClassName=Sheet-watch Member=Component K2 KEY 3*4
Added Member To Class: ClassName=Sheet-watch Member=Component K4 KEY 3*4
Added Member To Class: ClassName=Sheet-watch Member=Component L0 TFT LED
Added Member To Class: ClassName=Sheet-watch Member=Component P0 power
Added Member To Class: ClassName=Sheet-watch Member=Component R0 10K
Added Member To Class: ClassName=Sheet-watch Member=Component R1 10K
Added Member To Class: ClassName=Sheet-watch Member=Component R3 1K
Added Member To Class: ClassName=Sheet-watch Member=Component R4 10K
Added Member To Class: ClassName=Sheet-watch Member=Component R5 10K
Added Member To Class: ClassName=Sheet-watch Member=Component R6 1K
Added Member To Class: ClassName=Sheet-watch Member=Component R7 1.2K
Added Member To Class: ClassName=Sheet-watch Member=Component R9 10K
Added Member To Class: ClassName=Sheet-watch Member=Component R10 10K
Added Member To Class: ClassName=Sheet-watch Member=Component R11 10K
Added Member To Class: ClassName=Sheet-watch Member=Component R12 10K
Added Member To Class: ClassName=Sheet-watch Member=Component R13 1K
Added Member To Class: ClassName=Sheet-watch Member=Component R15 10K
Added Member To Class: ClassName=Sheet-watch Member=Component R16 10K
Added Member To Class: ClassName=Sheet-watch Member=Component R19 10K
Added Member To Class: ClassName=Sheet-watch Member=Component R20 33K
Added Member To Class: ClassName=Sheet-watch Member=Component R21 10K
Added Member To Class: ClassName=Sheet-watch Member=Component R22 10K
Added Member To Class: ClassName=Sheet-watch Member=Component R23 10K
Added Member To Class: ClassName=Sheet-watch Member=Component SW0 MKS-12D19
Added Member To Class: ClassName=Sheet-watch Member=Component T0 TP4056X
Added Member To Class: ClassName=Sheet-watch Member=Component U0 STM32F401CCU6
Added Member To Class: ClassName=Sheet-watch Member=Component U2 SI2302
Added Member To Class: ClassName=Sheet-watch Member=Component U3 SHT30
Added Member To Class: ClassName=Sheet-watch Member=Component U4 MPU6050
Added Member To Class: ClassName=Sheet-watch Member=Component U5 S8050
Added Member To Class: ClassName=Sheet-watch Member=Component U6 MIC5205
Added Room: Name=Sheet-watch
