Change Component Description : Designator=U5 Old Description=NMOS场效应MOS管 SOT-23 New Description=NMOS场效应MOS管 SOT-23 
Change Component Description : Designator=U9 Old Description=触摸按键 两路 SOP23-6封装极简电路 New Description=触摸按键 两路 SOP23-6封装极简电路 
Change Component Description : Designator=U1 Old Description=超低功耗蓝牙 4.2 BLE 模块 New Description=超低功耗蓝牙 4.2 BLE 模块 
Added Component: Designator=R?(CR1608-0603)
Add component. Clean all parameters for all variants
Add component (AddParameter): Name = "Published"; Value = "8-Jun-2000"; VariantName = "[No Variations]"
Add component (AddParameter): Name = "Publisher"; Value = "Altium Limited"; VariantName = "[No Variations]"
Add component (AddParameter): Name = "Revision"; Value = "July-2002: Re-released for DXP Platform."; VariantName = "[No Variations]"
Added Component: Designator=R?(CR1608-0603)
Add component. Clean all parameters for all variants
Add component (AddParameter): Name = "Published"; Value = "8-Jun-2000"; VariantName = "[No Variations]"
Add component (AddParameter): Name = "Publisher"; Value = "Altium Limited"; VariantName = "[No Variations]"
Add component (AddParameter): Name = "Revision"; Value = "July-2002: Re-released for DXP Platform."; VariantName = "[No Variations]"
Added Component: Designator=USB0(TYPE-C 16P)
Add component. Clean all parameters for all variants
Added Pin To Net: NetName=GND Pin=R?-1
Added Pin To Net: NetName=GND Pin=R?-1
Added Pin To Net: NetName=GND Pin=USB0-A1B12
Added Pin To Net: NetName=DM_USB- Pin=USB0-A6
Added Pin To Net: NetName=DP_USB+ Pin=USB0-A7
Added Pin To Net: NetName=GND Pin=USB0-B1A12
Added Pin To Net: NetName=5V Pin=USB0-B4A9
Added Pin To Net: NetName=DM_USB- Pin=USB0-B6
Added Pin To Net: NetName=DP_USB+ Pin=USB0-B7
Added Pin To Net: NetName=NetR?_2 Pin=R?-2
Added Pin To Net: NetName=NetR?_2 Pin=USB0-A5
Added Net: Name=NetR?_2
Added Member To Class: ClassName=Sheet-watch Member=Component R? 1.5K
Added Member To Class: ClassName=Sheet-watch Member=Component R? 1.5K
Added Member To Class: ClassName=Sheet-watch Member=Component USB0 Tpye-c 16P
Added Room: Name=Sheet-watch
