Removed Pin From Net: NetName=LCD_DC Pin=P2-1
Removed Pin From Net: NetName=LCD_CS Pin=P3-5
Removed Pin From Net: NetName=PA11 Pin=P5-4
Removed Pin From Net: NetName=V3.3 Pin=POW-TOUCH-1
Removed Pin From Net: NetName=V2.5 Pin=U0-1
Removed Pin From Net: NetName=LCD_CS Pin=U0-14
Removed Pin From Net: NetName=LCD_DC Pin=U0-18
Removed Pin From Net: NetName=PA11 Pin=U0-32
Added Component: Designator=VBAT(HDR1X2)
Add component. Clean all parameters for all variants
Add component (AddParameter): Name = "LatestRevisionDate"; Value = "17-Jul-2002"; VariantName = "[No Variations]"
Add component (AddParameter): Name = "LatestRevisionNote"; Value = "Re-released for DXP Platform."; VariantName = "[No Variations]"
Add component (AddParameter): Name = "Publisher"; Value = "Altium Limited"; VariantName = "[No Variations]"
Added Pin To Net: NetName=LCD_CS Pin=P2-1
Added Pin To Net: NetName=LCD_DC Pin=P3-5
Added Pin To Net: NetName=DP_USB- Pin=P5-4
Added Pin To Net: NetName=DP_USB+ Pin=P5-5
Added Pin To Net: NetName=3.3V Pin=POW-TOUCH-1
Added Pin To Net: NetName=PA11 Pin=U0-1
Added Pin To Net: NetName=LCD_DC Pin=U0-14
Added Pin To Net: NetName=LCD_CS Pin=U0-18
Added Pin To Net: NetName=DP_USB- Pin=U0-32
Added Pin To Net: NetName=DP_USB+ Pin=U0-33
Added Pin To Net: NetName=PA11 Pin=VBAT-1
Added Pin To Net: NetName=VDD-MCU Pin=VBAT-2
Change Net Name : Old Net Name=DP_USB- New Net Name=DM_USB-
Change Net Name : Old Net Name=PA1 New Net Name=ADC_bat
Change Net Name : Old Net Name=PA11 New Net Name=NetU0_1
Added Member To Class: ClassName=Sheet-watch Member=Component VBAT Header 2
Added Room: Name=Sheet-watch
