Removed Pin From Net: NetName=PH0 Pin=25MHz X0-1
Removed Pin From Net: NetName=PH1 Pin=25MHz X0-2
Removed Pin From Net: NetName=GND Pin=25MHz X0-3
Removed Pin From Net: NetName=GND Pin=25MHz X0-3
Removed Pin From Net: NetName=PC14 Pin=32KHz X0-1
Removed Pin From Net: NetName=PC15 Pin=32KHz X0-2
Removed Pin From Net: NetName=5V Pin=A0-1
Removed Pin From Net: NetName=NetA0_2 Pin=A0-2
Removed Pin From Net: NetName=NetA0_3 Pin=A0-3
Removed Pin From Net: NetName=GND Pin=A0-5
Removed Pin From Net: NetName=GND Pin=C8-1
Removed Pin From Net: NetName=NRST Pin=C8-2
Removed Pin From Net: NetName=GND Pin=C18-1
Removed Pin From Net: NetName=3.3V Pin=C18-2
Removed Pin From Net: NetName=LCD_LEDK Pin=CR14-2
Removed Pin From Net: NetName=NetA0_2 Pin=CR17-2
Removed Pin From Net: NetName=NetA0_3 Pin=CR18-2
Removed Pin From Net: NetName=key-1 Pin=K0-1
Removed Pin From Net: NetName=GND Pin=K0-2
Removed Pin From Net: NetName=key-2 Pin=K1-1
Removed Pin From Net: NetName=GND Pin=K1-2
Removed Pin From Net: NetName=key-3 Pin=K2-1
Removed Pin From Net: NetName=GND Pin=K2-2
Removed Pin From Net: NetName=NRST Pin=K4-1
Removed Pin From Net: NetName=GND Pin=K4-2
Removed Pin From Net: NetName=LCD_SDA Pin=L0-3
Removed Pin From Net: NetName=LCD_SCL Pin=L0-4
Removed Pin From Net: NetName=LCD_DC Pin=L0-5
Removed Pin From Net: NetName=LCD_RES Pin=L0-6
Removed Pin From Net: NetName=LCD_CS Pin=L0-7
Removed Pin From Net: NetName=GND Pin=L0-8
Removed Pin From Net: NetName=3.3V Pin=L0-10
Removed Pin From Net: NetName=LCD_LEDK Pin=L0-11
Removed Pin From Net: NetName=3.3V Pin=L0-12
Removed Pin From Net: NetName=GND Pin=L0-13
Removed Pin From Net: NetName=NetR7_1 Pin=R7-1
Removed Pin From Net: NetName=NetA0_3 Pin=R19-2
Removed Pin From Net: NetName=GND Pin=T0-1
Removed Pin From Net: NetName=NetR7_1 Pin=T0-2
Removed Pin From Net: NetName=GND Pin=T0-3
Removed Pin From Net: NetName=NetC15_2 Pin=T0-4
Removed Pin From Net: NetName=bat-3.7V Pin=T0-5
Removed Pin From Net: NetName=GND Pin=T0-6
Removed Pin From Net: NetName=NetLED1_2 Pin=T0-7
Removed Pin From Net: NetName=NetC15_2 Pin=T0-8
Removed Member From Class: ClassName=Sheet-watch Member=25MHz X0
Removed Member From Class: ClassName=Sheet-watch Member=32KHz X0
Removed Member From Class: ClassName=Sheet-watch Member=A0
Removed Member From Class: ClassName=Sheet-watch Member=C8
Removed Member From Class: ClassName=Sheet-watch Member=C18
Removed Member From Class: ClassName=Sheet-watch Member=K0
Removed Member From Class: ClassName=Sheet-watch Member=K1
Removed Member From Class: ClassName=Sheet-watch Member=K2
Removed Member From Class: ClassName=Sheet-watch Member=K4
Removed Member From Class: ClassName=Sheet-watch Member=L0
Removed Member From Class: ClassName=Sheet-watch Member=T0
Added Component: Designator=32KHz(T 3215)
Add component. Clean all parameters for all variants
Added Component: Designator=C?(0402Capacitor)
Add component. Clean all parameters for all variants
Added Component: Designator=R?(0402resistor)
Add component. Clean all parameters for all variants
Added Component: Designator=R?(0402resistor)
Add component. Clean all parameters for all variants
Added Component: Designator=R?(0402resistor)
Add component. Clean all parameters for all variants
Added Component: Designator=U0(SOT23-5)
Add component. Clean all parameters for all variants
Added Component: Designator=U0(SOT23-5)
Add component. Clean all parameters for all variants
Added Component: Designator=U0(SOT-23 SI2302)
Add component. Clean all parameters for all variants
Added Component: Designator=U0(SOT23-6)
Add component. Clean all parameters for all variants
Added Component: Designator=X0(XTAL-2016)
Add component. Clean all parameters for all variants
Added Pin To Net: NetName=PC14 Pin=32KHz-1
Added Pin To Net: NetName=PC15 Pin=32KHz-2
Added Pin To Net: NetName=GND Pin=C?-1
Added Pin To Net: NetName=3.3V Pin=C?-2
Added Pin To Net: NetName=3.3V Pin=F0-1
Added Pin To Net: NetName=GND Pin=F0-3
Added Pin To Net: NetName=3.3V Pin=F0-4
Added Pin To Net: NetName=3.3V Pin=F0-5
Added Pin To Net: NetName=NetR7_1 Pin=F0-7
Added Pin To Net: NetName=NetLED1_2 Pin=F0-8
Added Pin To Net: NetName=NetA0_2 Pin=F0-9
Added Pin To Net: NetName=NetA0_3 Pin=F0-10
Added Pin To Net: NetName=LCD_LEDK Pin=F0-21
Added Pin To Net: NetName=GND Pin=F0-23
Added Pin To Net: NetName=GND Pin=F0-24
Added Pin To Net: NetName=GND Pin=R?-1
Added Pin To Net: NetName=GND Pin=R?-1
Added Pin To Net: NetName=3.3V Pin=R?-2
Added Pin To Net: NetName=NetLED1_2 Pin=R?-2
Added Pin To Net: NetName=PH0 Pin=X0-1
Added Pin To Net: NetName=GND Pin=X0-2
Added Pin To Net: NetName=GND Pin=X0-2
Added Pin To Net: NetName=PH1 Pin=X0-3
Change Net Name : Old Net Name=LCD_LEDK New Net Name=TE
Change Net Name : Old Net Name=NetA0_2 New Net Name=SPI_SCL
Change Net Name : Old Net Name=NetA0_3 New Net Name=SPI_DC
Change Net Name : Old Net Name=NetLED1_2 New Net Name=SPI_CS
Change Net Name : Old Net Name=NetR7_1 New Net Name=RES
Added Pin To Net: NetName=DB0 Pin=F0-13
Added Net: Name=DB0
Added Pin To Net: NetName=DB1 Pin=F0-14
Added Net: Name=DB1
Added Pin To Net: NetName=DB2 Pin=F0-15
Added Net: Name=DB2
Added Pin To Net: NetName=DB3 Pin=F0-16
Added Net: Name=DB3
Added Pin To Net: NetName=DB4 Pin=F0-17
Added Net: Name=DB4
Added Pin To Net: NetName=DB6 Pin=F0-19
Added Net: Name=DB6
Added Pin To Net: NetName=LEDK Pin=CR14-2
Added Pin To Net: NetName=LEDK Pin=F0-2
Added Net: Name=LEDK
Added Pin To Net: NetName=NetCR18_2 Pin=CR18-2
Added Pin To Net: NetName=NetCR18_2 Pin=R19-2
Added Net: Name=NetCR18_2
Added Pin To Net: NetName=NetF0_6 Pin=F0-6
Added Pin To Net: NetName=NetF0_6 Pin=R?-1
Added Pin To Net: NetName=NetF0_6 Pin=R?-2
Added Net: Name=NetF0_6
Added Pin To Net: NetName=RD Pin=F0-11
Added Net: Name=RD
Added Member To Class: ClassName=Sheet-watch Member=Component 32KHz X0
Added Member To Class: ClassName=Sheet-watch Member=Component C? 1UF
Added Member To Class: ClassName=Sheet-watch Member=Component R? 4.7K
Added Member To Class: ClassName=Sheet-watch Member=Component R? 4.7K
Added Member To Class: ClassName=Sheet-watch Member=Component R? 4.7K
Added Member To Class: ClassName=Sheet-watch Member=Component U0 TPS709
Added Member To Class: ClassName=Sheet-watch Member=Component U0 STM32F401CCU6
Added Member To Class: ClassName=Sheet-watch Member=Component U0 XC6206
Added Member To Class: ClassName=Sheet-watch Member=Component U0 BS812A-1
Added Member To Class: ClassName=Sheet-watch Member=Component X0 24Mhz
Added Room: Name=Sheet-watch
