Added Component: Designator=LED1(LED 0603)
Add component. Clean all parameters for all variants
Added Component: Designator=LED2(LED 0603)
Add component. Clean all parameters for all variants
Added Component: Designator=R21(CR1608-0603)
Add component. Clean all parameters for all variants
Add component (AddParameter): Name = "Published"; Value = "8-Jun-2000"; VariantName = "[No Variations]"
Add component (AddParameter): Name = "Publisher"; Value = "Altium Limited"; VariantName = "[No Variations]"
Add component (AddParameter): Name = "Revision"; Value = "July-2002: Re-released for DXP Platform."; VariantName = "[No Variations]"
Added Component: Designator=R22(CR1608-0603)
Add component. Clean all parameters for all variants
Add component (AddParameter): Name = "Published"; Value = "8-Jun-2000"; VariantName = "[No Variations]"
Add component (AddParameter): Name = "Publisher"; Value = "Altium Limited"; VariantName = "[No Variations]"
Add component (AddParameter): Name = "Revision"; Value = "July-2002: Re-released for DXP Platform."; VariantName = "[No Variations]"
Added Pin To Net: NetName=LED Pin=LED1-2
Added Pin To Net: NetName=LED Pin=LED2-2
Added Pin To Net: NetName=3.3V Pin=R21-2
Added Pin To Net: NetName=V2.5 Pin=R22-2
Added Pin To Net: NetName=NetLED1_1 Pin=LED1-1
Added Pin To Net: NetName=NetLED1_1 Pin=R21-1
Added Net: Name=NetLED1_1
Added Pin To Net: NetName=NetLED2_1 Pin=LED2-1
Added Pin To Net: NetName=NetLED2_1 Pin=R22-1
Added Net: Name=NetLED2_1
Added Member To Class: ClassName=Sheet-watch Member=Component LED1 LED 0603
Added Member To Class: ClassName=Sheet-watch Member=Component LED2 LED 0603
Added Member To Class: ClassName=Sheet-watch Member=Component R21 1K
Added Member To Class: ClassName=Sheet-watch Member=Component R22 1K
Added Room: Name=Sheet-watch
