Removed Pin From Net: NetName=3.3V Pin=B0-1
Removed Pin From Net: NetName=V2.5 Pin=C15-2
Removed Pin From Net: NetName=V3.3 Pin=C17-2
Removed Pin From Net: NetName=3.3V Pin=C20-2
Removed Pin From Net: NetName=3.3V Pin=L0-4
Removed Pin From Net: NetName=key-2 Pin=P3-1
Removed Pin From Net: NetName=key-1 Pin=P5-1
Removed Pin From Net: NetName=V2.5 Pin=P7-1
Removed Pin From Net: NetName=V2.5 Pin=P7-2
Removed Pin From Net: NetName=bat-3.7V Pin=P8-1
Removed Pin From Net: NetName=VDD Pin=R1-2
Removed Pin From Net: NetName=3.3V Pin=R6-1
Removed Pin From Net: NetName=3.3V Pin=R19-1
Removed Pin From Net: NetName=3.3V Pin=R20-1
Removed Pin From Net: NetName=VBAT Pin=SW0-2
Removed Pin From Net: NetName=3.3V Pin=SW0-3
Removed Pin From Net: NetName=VBAT Pin=U0-1
Removed Pin From Net: NetName=key-2 Pin=U0-10
Removed Pin From Net: NetName=key-1 Pin=U0-29
Removed Pin From Net: NetName=V2.5 Pin=U1-1
Removed Pin From Net: NetName=V2.5 Pin=U6-2
Removed Pin From Net: NetName=3.3V Pin=U8-5
Removed Pin From Net: NetName=V3.3 Pin=U9-1
Removed Member From Class: ClassName=Sheet-watch Member=N1
Removed Member From Class: ClassName=Sheet-watch Member=SETR0
Removed Member From Class: ClassName=Sheet-watch Member=SETR1
Added Component: Designator=POW-BEEOP(HDR1X3)
Add component. Clean all parameters for all variants
Add component (AddParameter): Name = "LatestRevisionDate"; Value = "17-Jul-2002"; VariantName = "[No Variations]"
Add component (AddParameter): Name = "LatestRevisionNote"; Value = "Re-released for DXP Platform."; VariantName = "[No Variations]"
Add component (AddParameter): Name = "Publisher"; Value = "Altium Limited"; VariantName = "[No Variations]"
Added Component: Designator=POW-BLUE(HDR1X3)
Add component. Clean all parameters for all variants
Add component (AddParameter): Name = "LatestRevisionDate"; Value = "17-Jul-2002"; VariantName = "[No Variations]"
Add component (AddParameter): Name = "LatestRevisionNote"; Value = "Re-released for DXP Platform."; VariantName = "[No Variations]"
Add component (AddParameter): Name = "Publisher"; Value = "Altium Limited"; VariantName = "[No Variations]"
Added Component: Designator=POW-CPU(HDR1X3)
Add component. Clean all parameters for all variants
Add component (AddParameter): Name = "LatestRevisionDate"; Value = "17-Jul-2002"; VariantName = "[No Variations]"
Add component (AddParameter): Name = "LatestRevisionNote"; Value = "Re-released for DXP Platform."; VariantName = "[No Variations]"
Add component (AddParameter): Name = "Publisher"; Value = "Altium Limited"; VariantName = "[No Variations]"
Added Component: Designator=POW-LED(HDR1X3)
Add component. Clean all parameters for all variants
Add component (AddParameter): Name = "LatestRevisionDate"; Value = "17-Jul-2002"; VariantName = "[No Variations]"
Add component (AddParameter): Name = "LatestRevisionNote"; Value = "Re-released for DXP Platform."; VariantName = "[No Variations]"
Add component (AddParameter): Name = "Publisher"; Value = "Altium Limited"; VariantName = "[No Variations]"
Added Component: Designator=POW-MPU(HDR1X3)
Add component. Clean all parameters for all variants
Add component (AddParameter): Name = "LatestRevisionDate"; Value = "17-Jul-2002"; VariantName = "[No Variations]"
Add component (AddParameter): Name = "LatestRevisionNote"; Value = "Re-released for DXP Platform."; VariantName = "[No Variations]"
Add component (AddParameter): Name = "Publisher"; Value = "Altium Limited"; VariantName = "[No Variations]"
Added Component: Designator=POW-SHT30(HDR1X3)
Add component. Clean all parameters for all variants
Add component (AddParameter): Name = "LatestRevisionDate"; Value = "17-Jul-2002"; VariantName = "[No Variations]"
Add component (AddParameter): Name = "LatestRevisionNote"; Value = "Re-released for DXP Platform."; VariantName = "[No Variations]"
Add component (AddParameter): Name = "Publisher"; Value = "Altium Limited"; VariantName = "[No Variations]"
Added Component: Designator=POW-TOUCH(HDR1X3)
Add component. Clean all parameters for all variants
Add component (AddParameter): Name = "LatestRevisionDate"; Value = "17-Jul-2002"; VariantName = "[No Variations]"
Add component (AddParameter): Name = "LatestRevisionNote"; Value = "Re-released for DXP Platform."; VariantName = "[No Variations]"
Add component (AddParameter): Name = "Publisher"; Value = "Altium Limited"; VariantName = "[No Variations]"
Added Pin To Net: NetName=VDD Pin=C17-2
Added Pin To Net: NetName=key-1 Pin=P3-1
Added Pin To Net: NetName=key-2 Pin=P5-1
Added Pin To Net: NetName=V2.5 Pin=POW-BEEOP-1
Added Pin To Net: NetName=V2.5 Pin=POW-BLUE-1
Added Pin To Net: NetName=V2.5 Pin=POW-CPU-1
Added Pin To Net: NetName=3.3V Pin=POW-CPU-2
Added Pin To Net: NetName=V2.5 Pin=POW-LED-1
Added Pin To Net: NetName=V2.5 Pin=POW-MPU-1
Added Pin To Net: NetName=V2.5 Pin=POW-SHT30-1
Added Pin To Net: NetName=V3.3 Pin=POW-TOUCH-1
Added Pin To Net: NetName=VDD Pin=POW-TOUCH-2
Added Pin To Net: NetName=3.3V Pin=R1-2
Added Pin To Net: NetName=bat-3.7V Pin=SW0-2
Added Pin To Net: NetName=key-1 Pin=U0-10
Added Pin To Net: NetName=key-2 Pin=U0-29
Added Pin To Net: NetName=VDD Pin=U9-1
Change Net Name : Old Net Name=3.3V New Net Name=VDD-MCU
Change Net Name : Old Net Name=V2.5 New Net Name=3.3V
Change Net Name : Old Net Name=VDD New Net Name=VDD-TOUCH
Added Pin To Net: NetName=NetP8_1 Pin=P8-1
Added Pin To Net: NetName=NetP8_1 Pin=SW0-3
Added Net: Name=NetP8_1
Added Pin To Net: NetName=POWER-SHT30 Pin=POW-SHT30-2
Added Net: Name=POWER-SHT30
Added Pin To Net: NetName=V2.5 Pin=C15-2
Added Pin To Net: NetName=V2.5 Pin=POW-BEEOP-3
Added Pin To Net: NetName=V2.5 Pin=POW-BLUE-3
Added Pin To Net: NetName=V2.5 Pin=POW-CPU-3
Added Pin To Net: NetName=V2.5 Pin=POW-LED-3
Added Pin To Net: NetName=V2.5 Pin=POW-MPU-3
Added Pin To Net: NetName=V2.5 Pin=POW-SHT30-3
Added Pin To Net: NetName=V2.5 Pin=POW-TOUCH-3
Added Pin To Net: NetName=V2.5 Pin=U0-1
Added Pin To Net: NetName=V2.5 Pin=U6-2
Added Net: Name=V2.5
Added Pin To Net: NetName=VDD-BEEP Pin=B0-1
Added Pin To Net: NetName=VDD-BEEP Pin=POW-BEEOP-2
Added Net: Name=VDD-BEEP
Added Pin To Net: NetName=VDD-BLUE Pin=POW-BLUE-2
Added Pin To Net: NetName=VDD-BLUE Pin=U1-1
Added Net: Name=VDD-BLUE
Added Pin To Net: NetName=VDD-LED Pin=L0-4
Added Pin To Net: NetName=VDD-LED Pin=POW-LED-2
Added Pin To Net: NetName=VDD-LED Pin=R6-1
Added Net: Name=VDD-LED
Added Pin To Net: NetName=VDD-MPU Pin=P7-1
Added Pin To Net: NetName=VDD-MPU Pin=P7-2
Added Pin To Net: NetName=VDD-MPU Pin=POW-MPU-2
Added Net: Name=VDD-MPU
Added Pin To Net: NetName=VDD-SHT30 Pin=C20-2
Added Pin To Net: NetName=VDD-SHT30 Pin=R19-1
Added Pin To Net: NetName=VDD-SHT30 Pin=R20-1
Added Pin To Net: NetName=VDD-SHT30 Pin=U8-5
Added Net: Name=VDD-SHT30
Added Member To Class: ClassName=Sheet-watch Member=Component POW-BEEOP Header 3
Added Member To Class: ClassName=Sheet-watch Member=Component POW-BLUE Header 3
Added Member To Class: ClassName=Sheet-watch Member=Component POW-CPU Header 3
Added Member To Class: ClassName=Sheet-watch Member=Component POW-LED Header 3
Added Member To Class: ClassName=Sheet-watch Member=Component POW-MPU Header 3
Added Member To Class: ClassName=Sheet-watch Member=Component POW-SHT30 Header 3
Added Member To Class: ClassName=Sheet-watch Member=Component POW-TOUCH Header 3
Added Room: Name=Sheet-watch
